#
# There is insufficient memory for the Java Runtime Environment to continue.
# Native memory allocation (malloc) failed to allocate 1109520 bytes. Error detail: Chunk::new
# Possible reasons:
#   The system is out of physical RAM or swap space
#   This process is running with CompressedOops enabled, and the Java Heap may be blocking the growth of the native heap
# Possible solutions:
#   Reduce memory load on the system
#   Increase physical memory or swap space
#   Check if swap backing store is full
#   Decrease Java heap size (-Xmx/-Xms)
#   Decrease number of Java threads
#   Decrease Java thread stack sizes (-Xss)
#   Set larger code cache with -XX:ReservedCodeCacheSize=
#   JVM is running with Unscaled Compressed Oops mode in which the Java heap is
#     placed in the first 4GB address space. The Java Heap base address is the
#     maximum limit for the native heap growth. Please use -XX:HeapBaseMinAddress
#     to set the Java Heap base and to place the Java Heap above 4GB virtual address.
# This output file may be truncated or incomplete.
#
#  Out of Memory Error (arena.cpp:149), pid=12124, tid=11984
#
# JRE version: Java(TM) SE Runtime Environment (23.0.2+7) (build 23.0.2+7-58)
# Java VM: Java HotSpot(TM) 64-Bit Server VM (23.0.2+7-58, mixed mode, sharing, tiered, compressed oops, compressed class ptrs, g1 gc, windows-amd64)
# No core dump will be written. Minidumps are not enabled by default on client versions of Windows
#

---------------  S U M M A R Y ------------

Command Line: -Dfile.encoding=UTF-8 --module-path=C:\Users\CLIENT\Documents\NetBeansProjects\filmEquipment\build\classes filmequipment.returnEquipment

Host: AMD Ryzen 3 3200G with Radeon Vega Graphics    , 4 cores, 5G,  Windows 10 , 64 bit Build 18362 (10.0.18362.329)
Time: Mon Jan 27 09:48:01 2025 Malay Peninsula Standard Time elapsed time: 9.863606 seconds (0d 0h 0m 9s)

---------------  T H R E A D  ---------------

Current thread (0x0000024b7f1de0b0):  JavaThread "C2 CompilerThread0" daemon [_thread_in_native, id=11984, stack(0x0000007495c00000,0x0000007495d00000) (1024K)]


Current CompileTask:
C2:9863 2979       4       javax.swing.plaf.nimbus.NimbusStyle::validate (1151 bytes)

Stack: [0x0000007495c00000,0x0000007495d00000]
Native frames: (J=compiled Java code, j=interpreted, Vv=VM code, C=native code)
V  [jvm.dll+0x6e0b99]  (no source info available)
V  [jvm.dll+0x87e2b3]  (no source info available)
V  [jvm.dll+0x88073e]  (no source info available)
V  [jvm.dll+0x880e13]  (no source info available)
V  [jvm.dll+0x27b006]  (no source info available)
V  [jvm.dll+0xbc06f]  (no source info available)
V  [jvm.dll+0xbc2cb]  (no source info available)
V  [jvm.dll+0x3b3c5c]  (no source info available)
V  [jvm.dll+0x1dc4ae]  (no source info available)
V  [jvm.dll+0x244ce5]  (no source info available)
V  [jvm.dll+0x243eff]  (no source info available)
V  [jvm.dll+0x1c34b0]  (no source info available)
V  [jvm.dll+0x253df1]  (no source info available)
V  [jvm.dll+0x2520aa]  (no source info available)
V  [jvm.dll+0x3ee226]  (no source info available)
V  [jvm.dll+0x8254cb]  (no source info available)
V  [jvm.dll+0x6df345]  (no source info available)
C  [ucrtbase.dll+0x20e72]  (no source info available)
C  [KERNEL32.DLL+0x17bd4]  (no source info available)
C  [ntdll.dll+0x6ced1]  (no source info available)

Lock stack of current Java thread (top to bottom):


---------------  P R O C E S S  ---------------

Threads class SMR info:
_java_thread_list=0x0000024b5dcc86b0, length=18, elements={
0x0000024b7f1c8fd0, 0x0000024b7f1cbe40, 0x0000024b7f1d17f0, 0x0000024b7f1d3260,
0x0000024b7f1d6470, 0x0000024b7f1dcb80, 0x0000024b7f1de0b0, 0x0000024b7f1dfaa0,
0x0000024b176e2ee0, 0x0000024b1788f180, 0x0000024b1793e9d0, 0x0000024b17940860,
0x0000024b1794de60, 0x0000024b5d816db0, 0x0000024b78c3cdf0, 0x0000024b5dd90b90,
0x0000024b5ded4910, 0x0000024b5df28050
}

Java Threads: ( => current thread )
  0x0000024b7f1c8fd0 JavaThread "Reference Handler"          daemon [_thread_blocked, id=10824, stack(0x0000007495600000,0x0000007495700000) (1024K)]
  0x0000024b7f1cbe40 JavaThread "Finalizer"                  daemon [_thread_blocked, id=11068, stack(0x0000007495700000,0x0000007495800000) (1024K)]
  0x0000024b7f1d17f0 JavaThread "Signal Dispatcher"          daemon [_thread_blocked, id=13272, stack(0x0000007495800000,0x0000007495900000) (1024K)]
  0x0000024b7f1d3260 JavaThread "Attach Listener"            daemon [_thread_blocked, id=12148, stack(0x0000007495900000,0x0000007495a00000) (1024K)]
  0x0000024b7f1d6470 JavaThread "Service Thread"             daemon [_thread_blocked, id=612, stack(0x0000007495a00000,0x0000007495b00000) (1024K)]
  0x0000024b7f1dcb80 JavaThread "Monitor Deflation Thread"   daemon [_thread_blocked, id=10372, stack(0x0000007495b00000,0x0000007495c00000) (1024K)]
=>0x0000024b7f1de0b0 JavaThread "C2 CompilerThread0"         daemon [_thread_in_native, id=11984, stack(0x0000007495c00000,0x0000007495d00000) (1024K)]
  0x0000024b7f1dfaa0 JavaThread "C1 CompilerThread0"         daemon [_thread_blocked, id=10988, stack(0x0000007495d00000,0x0000007495e00000) (1024K)]
  0x0000024b176e2ee0 JavaThread "Common-Cleaner"             daemon [_thread_blocked, id=11940, stack(0x0000007495e00000,0x0000007495f00000) (1024K)]
  0x0000024b1788f180 JavaThread "Notification Thread"        daemon [_thread_blocked, id=11448, stack(0x0000007495f00000,0x0000007496000000) (1024K)]
  0x0000024b1793e9d0 JavaThread "Java2D Disposer"            daemon [_thread_blocked, id=12056, stack(0x0000007496000000,0x0000007496100000) (1024K)]
  0x0000024b17940860 JavaThread "AWT-Shutdown"                      [_thread_blocked, id=11972, stack(0x0000007496100000,0x0000007496200000) (1024K)]
  0x0000024b1794de60 JavaThread "AWT-Windows"                daemon [_thread_in_native, id=13152, stack(0x0000007496200000,0x0000007496300000) (1024K)]
  0x0000024b5d816db0 JavaThread "AWT-EventQueue-0"                  [_thread_blocked, id=13156, stack(0x0000007496300000,0x0000007496400000) (1024K)]
  0x0000024b78c3cdf0 JavaThread "DestroyJavaVM"                     [_thread_blocked, id=13260, stack(0x0000007494e00000,0x0000007494f00000) (1024K)]
  0x0000024b5dd90b90 JavaThread "TimerQueue"                 daemon [_thread_blocked, id=3016, stack(0x0000007496c00000,0x0000007496d00000) (1024K)]
  0x0000024b5ded4910 JavaThread "mysql-cj-abandoned-connection-cleanup" daemon [_thread_blocked, id=12160, stack(0x0000007496f00000,0x0000007497000000) (1024K)]
  0x0000024b5df28050 JavaThread "D3D Screen Updater"         daemon [_thread_blocked, id=12344, stack(0x0000007497300000,0x0000007497400000) (1024K)]
Total: 18

Other Threads:
  0x0000024b7f1b6710 VMThread "VM Thread"                           [id=13284, stack(0x0000007495500000,0x0000007495600000) (1024K)]
  0x0000024b7f1a1aa0 WatcherThread "VM Periodic Task Thread"        [id=13264, stack(0x0000007495400000,0x0000007495500000) (1024K)]
  0x0000024b7af70a60 WorkerThread "GC Thread#0"                     [id=13252, stack(0x0000007494f00000,0x0000007495000000) (1024K)]
  0x0000024b17965500 WorkerThread "GC Thread#1"                     [id=12792, stack(0x0000007497000000,0x0000007497100000) (1024K)]
  0x0000024b17963ee0 WorkerThread "GC Thread#2"                     [id=12568, stack(0x0000007497100000,0x0000007497200000) (1024K)]
  0x0000024b17964290 WorkerThread "GC Thread#3"                     [id=12464, stack(0x0000007497200000,0x0000007497300000) (1024K)]
  0x0000024b7af80580 ConcurrentGCThread "G1 Main Marker"            [id=11400, stack(0x0000007495000000,0x0000007495100000) (1024K)]
  0x0000024b7af81740 WorkerThread "G1 Conc#0"                       [id=13244, stack(0x0000007495100000,0x0000007495200000) (1024K)]
  0x0000024b7f080090 ConcurrentGCThread "G1 Refine#0"               [id=13280, stack(0x0000007495200000,0x0000007495300000) (1024K)]
  0x0000024b7f0819d0 ConcurrentGCThread "G1 Service"                [id=13288, stack(0x0000007495300000,0x0000007495400000) (1024K)]
Total: 10

Threads with active compile tasks:
C2 CompilerThread0  9962 2979       4       javax.swing.plaf.nimbus.NimbusStyle::validate (1151 bytes)
Total: 1

VM state: not at safepoint (normal execution)

VM Mutex/Monitor currently owned by a thread: None

Heap address: 0x00000000a2600000, size: 1498 MB, Compressed Oops mode: 32-bit

CDS archive(s) mapped at: [0x0000024b18000000-0x0000024b18d70000-0x0000024b18d70000), size 14090240, SharedBaseAddress: 0x0000024b18000000, ArchiveRelocationMode: 1.
Compressed class space mapped at: 0x0000024b19000000-0x0000024b59000000, reserved size: 1073741824
Narrow klass base: 0x0000024b18000000, Narrow klass shift: 0, Narrow klass range: 0x41000000

GC Precious Log:
 CardTable entry size: 512
 Card Set container configuration: InlinePtr #cards 5 size 8 Array Of Cards #cards 10 size 36 Howl #buckets 4 coarsen threshold 1843 Howl Bitmap #cards 512 size 80 coarsen threshold 460 Card regions per heap region 1 cards per card region 2048
 CPUs: 4 total, 4 available
 Memory: 5989M
 Large Page Support: Disabled
 NUMA Support: Disabled
 Compressed Oops: Enabled (32-bit)
 Heap Region Size: 1M
 Heap Min Capacity: 8M
 Heap Initial Capacity: 94M
 Heap Max Capacity: 1498M
 Pre-touch: Disabled
 Parallel Workers: 4
 Concurrent Workers: 1
 Concurrent Refinement Workers: 4
 Periodic GC: Disabled

Heap:
 garbage-first heap   total reserved 1533952K, committed 96256K, used 9557K [0x00000000a2600000, 0x0000000100000000)
  region size 1024K, 6 young (6144K), 2 survivors (2048K)
 Metaspace       used 18148K, committed 18432K, reserved 1114112K
  class space    used 2089K, committed 2240K, reserved 1048576K

Heap Regions: E=young(eden), S=young(survivor), O=old, HS=humongous(starts), HC=humongous(continues), CS=collection set, F=free, TAMS=top-at-mark-start, PB=parsable bottom
|   0|0x00000000a2600000, 0x00000000a2700000, 0x00000000a2700000|100%| O|  |TAMS 0x00000000a2600000| PB 0x00000000a2600000| Untracked |  0
|   1|0x00000000a2700000, 0x00000000a2800000, 0x00000000a2800000|100%| O|  |TAMS 0x00000000a2700000| PB 0x00000000a2700000| Untracked |  0
|   2|0x00000000a2800000, 0x00000000a2900000, 0x00000000a2900000|100%| O|  |TAMS 0x00000000a2800000| PB 0x00000000a2800000| Untracked |  0
|   3|0x00000000a2900000, 0x00000000a2a00000, 0x00000000a2a00000|100%| O|  |TAMS 0x00000000a2900000| PB 0x00000000a2900000| Untracked |  0
|   4|0x00000000a2a00000, 0x00000000a2a6fb00, 0x00000000a2b00000| 43%| O|  |TAMS 0x00000000a2a00000| PB 0x00000000a2a00000| Untracked |  0
|   5|0x00000000a2b00000, 0x00000000a2b00000, 0x00000000a2c00000|  0%| F|  |TAMS 0x00000000a2b00000| PB 0x00000000a2b00000| Untracked |  0
|   6|0x00000000a2c00000, 0x00000000a2c00000, 0x00000000a2d00000|  0%| F|  |TAMS 0x00000000a2c00000| PB 0x00000000a2c00000| Untracked |  0
|   7|0x00000000a2d00000, 0x00000000a2d00000, 0x00000000a2e00000|  0%| F|  |TAMS 0x00000000a2d00000| PB 0x00000000a2d00000| Untracked |  0
|   8|0x00000000a2e00000, 0x00000000a2e00000, 0x00000000a2f00000|  0%| F|  |TAMS 0x00000000a2e00000| PB 0x00000000a2e00000| Untracked |  0
|   9|0x00000000a2f00000, 0x00000000a2f00000, 0x00000000a3000000|  0%| F|  |TAMS 0x00000000a2f00000| PB 0x00000000a2f00000| Untracked |  0
|  10|0x00000000a3000000, 0x00000000a3000000, 0x00000000a3100000|  0%| F|  |TAMS 0x00000000a3000000| PB 0x00000000a3000000| Untracked |  0
|  11|0x00000000a3100000, 0x00000000a3100000, 0x00000000a3200000|  0%| F|  |TAMS 0x00000000a3100000| PB 0x00000000a3100000| Untracked |  0
|  12|0x00000000a3200000, 0x00000000a3200000, 0x00000000a3300000|  0%| F|  |TAMS 0x00000000a3200000| PB 0x00000000a3200000| Untracked |  0
|  13|0x00000000a3300000, 0x00000000a3300000, 0x00000000a3400000|  0%| F|  |TAMS 0x00000000a3300000| PB 0x00000000a3300000| Untracked |  0
|  14|0x00000000a3400000, 0x00000000a3400000, 0x00000000a3500000|  0%| F|  |TAMS 0x00000000a3400000| PB 0x00000000a3400000| Untracked |  0
|  15|0x00000000a3500000, 0x00000000a3500000, 0x00000000a3600000|  0%| F|  |TAMS 0x00000000a3500000| PB 0x00000000a3500000| Untracked |  0
|  16|0x00000000a3600000, 0x00000000a3600000, 0x00000000a3700000|  0%| F|  |TAMS 0x00000000a3600000| PB 0x00000000a3600000| Untracked |  0
|  17|0x00000000a3700000, 0x00000000a3700000, 0x00000000a3800000|  0%| F|  |TAMS 0x00000000a3700000| PB 0x00000000a3700000| Untracked |  0
|  18|0x00000000a3800000, 0x00000000a3800000, 0x00000000a3900000|  0%| F|  |TAMS 0x00000000a3800000| PB 0x00000000a3800000| Untracked |  0
|  19|0x00000000a3900000, 0x00000000a3900000, 0x00000000a3a00000|  0%| F|  |TAMS 0x00000000a3900000| PB 0x00000000a3900000| Untracked |  0
|  20|0x00000000a3a00000, 0x00000000a3a00000, 0x00000000a3b00000|  0%| F|  |TAMS 0x00000000a3a00000| PB 0x00000000a3a00000| Untracked |  0
|  21|0x00000000a3b00000, 0x00000000a3b00000, 0x00000000a3c00000|  0%| F|  |TAMS 0x00000000a3b00000| PB 0x00000000a3b00000| Untracked |  0
|  22|0x00000000a3c00000, 0x00000000a3c00000, 0x00000000a3d00000|  0%| F|  |TAMS 0x00000000a3c00000| PB 0x00000000a3c00000| Untracked |  0
|  23|0x00000000a3d00000, 0x00000000a3d00000, 0x00000000a3e00000|  0%| F|  |TAMS 0x00000000a3d00000| PB 0x00000000a3d00000| Untracked |  0
|  24|0x00000000a3e00000, 0x00000000a3e00000, 0x00000000a3f00000|  0%| F|  |TAMS 0x00000000a3e00000| PB 0x00000000a3e00000| Untracked |  0
|  25|0x00000000a3f00000, 0x00000000a3f00000, 0x00000000a4000000|  0%| F|  |TAMS 0x00000000a3f00000| PB 0x00000000a3f00000| Untracked |  0
|  26|0x00000000a4000000, 0x00000000a4000000, 0x00000000a4100000|  0%| F|  |TAMS 0x00000000a4000000| PB 0x00000000a4000000| Untracked |  0
|  27|0x00000000a4100000, 0x00000000a4100000, 0x00000000a4200000|  0%| F|  |TAMS 0x00000000a4100000| PB 0x00000000a4100000| Untracked |  0
|  28|0x00000000a4200000, 0x00000000a4200000, 0x00000000a4300000|  0%| F|  |TAMS 0x00000000a4200000| PB 0x00000000a4200000| Untracked |  0
|  29|0x00000000a4300000, 0x00000000a4300000, 0x00000000a4400000|  0%| F|  |TAMS 0x00000000a4300000| PB 0x00000000a4300000| Untracked |  0
|  30|0x00000000a4400000, 0x00000000a4400000, 0x00000000a4500000|  0%| F|  |TAMS 0x00000000a4400000| PB 0x00000000a4400000| Untracked |  0
|  31|0x00000000a4500000, 0x00000000a4500000, 0x00000000a4600000|  0%| F|  |TAMS 0x00000000a4500000| PB 0x00000000a4500000| Untracked |  0
|  32|0x00000000a4600000, 0x00000000a4600000, 0x00000000a4700000|  0%| F|  |TAMS 0x00000000a4600000| PB 0x00000000a4600000| Untracked |  0
|  33|0x00000000a4700000, 0x00000000a4700000, 0x00000000a4800000|  0%| F|  |TAMS 0x00000000a4700000| PB 0x00000000a4700000| Untracked |  0
|  34|0x00000000a4800000, 0x00000000a4800000, 0x00000000a4900000|  0%| F|  |TAMS 0x00000000a4800000| PB 0x00000000a4800000| Untracked |  0
|  35|0x00000000a4900000, 0x00000000a4900000, 0x00000000a4a00000|  0%| F|  |TAMS 0x00000000a4900000| PB 0x00000000a4900000| Untracked |  0
|  36|0x00000000a4a00000, 0x00000000a4a00000, 0x00000000a4b00000|  0%| F|  |TAMS 0x00000000a4a00000| PB 0x00000000a4a00000| Untracked |  0
|  37|0x00000000a4b00000, 0x00000000a4b00000, 0x00000000a4c00000|  0%| F|  |TAMS 0x00000000a4b00000| PB 0x00000000a4b00000| Untracked |  0
|  38|0x00000000a4c00000, 0x00000000a4c00000, 0x00000000a4d00000|  0%| F|  |TAMS 0x00000000a4c00000| PB 0x00000000a4c00000| Untracked |  0
|  39|0x00000000a4d00000, 0x00000000a4d00000, 0x00000000a4e00000|  0%| F|  |TAMS 0x00000000a4d00000| PB 0x00000000a4d00000| Untracked |  0
|  40|0x00000000a4e00000, 0x00000000a4e00000, 0x00000000a4f00000|  0%| F|  |TAMS 0x00000000a4e00000| PB 0x00000000a4e00000| Untracked |  0
|  41|0x00000000a4f00000, 0x00000000a4f00000, 0x00000000a5000000|  0%| F|  |TAMS 0x00000000a4f00000| PB 0x00000000a4f00000| Untracked |  0
|  42|0x00000000a5000000, 0x00000000a5000000, 0x00000000a5100000|  0%| F|  |TAMS 0x00000000a5000000| PB 0x00000000a5000000| Untracked |  0
|  43|0x00000000a5100000, 0x00000000a5100000, 0x00000000a5200000|  0%| F|  |TAMS 0x00000000a5100000| PB 0x00000000a5100000| Untracked |  0
|  44|0x00000000a5200000, 0x00000000a5200000, 0x00000000a5300000|  0%| F|  |TAMS 0x00000000a5200000| PB 0x00000000a5200000| Untracked |  0
|  45|0x00000000a5300000, 0x00000000a5300000, 0x00000000a5400000|  0%| F|  |TAMS 0x00000000a5300000| PB 0x00000000a5300000| Untracked |  0
|  46|0x00000000a5400000, 0x00000000a5400000, 0x00000000a5500000|  0%| F|  |TAMS 0x00000000a5400000| PB 0x00000000a5400000| Untracked |  0
|  47|0x00000000a5500000, 0x00000000a5500000, 0x00000000a5600000|  0%| F|  |TAMS 0x00000000a5500000| PB 0x00000000a5500000| Untracked |  0
|  48|0x00000000a5600000, 0x00000000a5600000, 0x00000000a5700000|  0%| F|  |TAMS 0x00000000a5600000| PB 0x00000000a5600000| Untracked |  0
|  49|0x00000000a5700000, 0x00000000a5700000, 0x00000000a5800000|  0%| F|  |TAMS 0x00000000a5700000| PB 0x00000000a5700000| Untracked |  0
|  50|0x00000000a5800000, 0x00000000a5800000, 0x00000000a5900000|  0%| F|  |TAMS 0x00000000a5800000| PB 0x00000000a5800000| Untracked |  0
|  51|0x00000000a5900000, 0x00000000a5900000, 0x00000000a5a00000|  0%| F|  |TAMS 0x00000000a5900000| PB 0x00000000a5900000| Untracked |  0
|  52|0x00000000a5a00000, 0x00000000a5a00000, 0x00000000a5b00000|  0%| F|  |TAMS 0x00000000a5a00000| PB 0x00000000a5a00000| Untracked |  0
|  53|0x00000000a5b00000, 0x00000000a5b00000, 0x00000000a5c00000|  0%| F|  |TAMS 0x00000000a5b00000| PB 0x00000000a5b00000| Untracked |  0
|  54|0x00000000a5c00000, 0x00000000a5c00000, 0x00000000a5d00000|  0%| F|  |TAMS 0x00000000a5c00000| PB 0x00000000a5c00000| Untracked |  0
|  55|0x00000000a5d00000, 0x00000000a5d00000, 0x00000000a5e00000|  0%| F|  |TAMS 0x00000000a5d00000| PB 0x00000000a5d00000| Untracked |  0
|  56|0x00000000a5e00000, 0x00000000a5e00000, 0x00000000a5f00000|  0%| F|  |TAMS 0x00000000a5e00000| PB 0x00000000a5e00000| Untracked |  0
|  57|0x00000000a5f00000, 0x00000000a5f00000, 0x00000000a6000000|  0%| F|  |TAMS 0x00000000a5f00000| PB 0x00000000a5f00000| Untracked |  0
|  58|0x00000000a6000000, 0x00000000a6000000, 0x00000000a6100000|  0%| F|  |TAMS 0x00000000a6000000| PB 0x00000000a6000000| Untracked |  0
|  59|0x00000000a6100000, 0x00000000a6100000, 0x00000000a6200000|  0%| F|  |TAMS 0x00000000a6100000| PB 0x00000000a6100000| Untracked |  0
|  60|0x00000000a6200000, 0x00000000a6200000, 0x00000000a6300000|  0%| F|  |TAMS 0x00000000a6200000| PB 0x00000000a6200000| Untracked |  0
|  61|0x00000000a6300000, 0x00000000a6300000, 0x00000000a6400000|  0%| F|  |TAMS 0x00000000a6300000| PB 0x00000000a6300000| Untracked |  0
|  62|0x00000000a6400000, 0x00000000a6400000, 0x00000000a6500000|  0%| F|  |TAMS 0x00000000a6400000| PB 0x00000000a6400000| Untracked |  0
|  63|0x00000000a6500000, 0x00000000a6500000, 0x00000000a6600000|  0%| F|  |TAMS 0x00000000a6500000| PB 0x00000000a6500000| Untracked |  0
|  64|0x00000000a6600000, 0x00000000a6600000, 0x00000000a6700000|  0%| F|  |TAMS 0x00000000a6600000| PB 0x00000000a6600000| Untracked |  0
|  65|0x00000000a6700000, 0x00000000a6700000, 0x00000000a6800000|  0%| F|  |TAMS 0x00000000a6700000| PB 0x00000000a6700000| Untracked |  0
|  66|0x00000000a6800000, 0x00000000a6800000, 0x00000000a6900000|  0%| F|  |TAMS 0x00000000a6800000| PB 0x00000000a6800000| Untracked |  0
|  67|0x00000000a6900000, 0x00000000a6900000, 0x00000000a6a00000|  0%| F|  |TAMS 0x00000000a6900000| PB 0x00000000a6900000| Untracked |  0
|  68|0x00000000a6a00000, 0x00000000a6a00000, 0x00000000a6b00000|  0%| F|  |TAMS 0x00000000a6a00000| PB 0x00000000a6a00000| Untracked |  0
|  69|0x00000000a6b00000, 0x00000000a6b00000, 0x00000000a6c00000|  0%| F|  |TAMS 0x00000000a6b00000| PB 0x00000000a6b00000| Untracked |  0
|  70|0x00000000a6c00000, 0x00000000a6c00000, 0x00000000a6d00000|  0%| F|  |TAMS 0x00000000a6c00000| PB 0x00000000a6c00000| Untracked |  0
|  71|0x00000000a6d00000, 0x00000000a6d00000, 0x00000000a6e00000|  0%| F|  |TAMS 0x00000000a6d00000| PB 0x00000000a6d00000| Untracked |  0
|  72|0x00000000a6e00000, 0x00000000a6e00000, 0x00000000a6f00000|  0%| F|  |TAMS 0x00000000a6e00000| PB 0x00000000a6e00000| Untracked |  0
|  73|0x00000000a6f00000, 0x00000000a6f00000, 0x00000000a7000000|  0%| F|  |TAMS 0x00000000a6f00000| PB 0x00000000a6f00000| Untracked |  0
|  74|0x00000000a7000000, 0x00000000a7000000, 0x00000000a7100000|  0%| F|  |TAMS 0x00000000a7000000| PB 0x00000000a7000000| Untracked |  0
|  75|0x00000000a7100000, 0x00000000a7100000, 0x00000000a7200000|  0%| F|  |TAMS 0x00000000a7100000| PB 0x00000000a7100000| Untracked |  0
|  76|0x00000000a7200000, 0x00000000a7200000, 0x00000000a7300000|  0%| F|  |TAMS 0x00000000a7200000| PB 0x00000000a7200000| Untracked |  0
|  77|0x00000000a7300000, 0x00000000a7300000, 0x00000000a7400000|  0%| F|  |TAMS 0x00000000a7300000| PB 0x00000000a7300000| Untracked |  0
|  78|0x00000000a7400000, 0x00000000a7400000, 0x00000000a7500000|  0%| F|  |TAMS 0x00000000a7400000| PB 0x00000000a7400000| Untracked |  0
|  79|0x00000000a7500000, 0x00000000a7500000, 0x00000000a7600000|  0%| F|  |TAMS 0x00000000a7500000| PB 0x00000000a7500000| Untracked |  0
|  80|0x00000000a7600000, 0x00000000a76e59c8, 0x00000000a7700000| 89%| S|CS|TAMS 0x00000000a7600000| PB 0x00000000a7600000| Complete |  0
|  81|0x00000000a7700000, 0x00000000a7800000, 0x00000000a7800000|100%| S|CS|TAMS 0x00000000a7700000| PB 0x00000000a7700000| Complete |  0
|  82|0x00000000a7800000, 0x00000000a7800000, 0x00000000a7900000|  0%| F|  |TAMS 0x00000000a7800000| PB 0x00000000a7800000| Untracked |  0
|  83|0x00000000a7900000, 0x00000000a7900000, 0x00000000a7a00000|  0%| F|  |TAMS 0x00000000a7900000| PB 0x00000000a7900000| Untracked |  0
|  84|0x00000000a7a00000, 0x00000000a7a00000, 0x00000000a7b00000|  0%| F|  |TAMS 0x00000000a7a00000| PB 0x00000000a7a00000| Untracked |  0
|  85|0x00000000a7b00000, 0x00000000a7b00000, 0x00000000a7c00000|  0%| F|  |TAMS 0x00000000a7b00000| PB 0x00000000a7b00000| Untracked |  0
|  86|0x00000000a7c00000, 0x00000000a7c00000, 0x00000000a7d00000|  0%| F|  |TAMS 0x00000000a7c00000| PB 0x00000000a7c00000| Untracked |  0
|  87|0x00000000a7d00000, 0x00000000a7d00000, 0x00000000a7e00000|  0%| F|  |TAMS 0x00000000a7d00000| PB 0x00000000a7d00000| Untracked |  0
|  88|0x00000000a7e00000, 0x00000000a7e00000, 0x00000000a7f00000|  0%| F|  |TAMS 0x00000000a7e00000| PB 0x00000000a7e00000| Untracked |  0
|  89|0x00000000a7f00000, 0x00000000a7f00000, 0x00000000a8000000|  0%| F|  |TAMS 0x00000000a7f00000| PB 0x00000000a7f00000| Untracked |  0
|  90|0x00000000a8000000, 0x00000000a8032090, 0x00000000a8100000| 19%| E|  |TAMS 0x00000000a8000000| PB 0x00000000a8000000| Complete |  0
|  91|0x00000000a8100000, 0x00000000a8200000, 0x00000000a8200000|100%| E|CS|TAMS 0x00000000a8100000| PB 0x00000000a8100000| Complete |  0
|  92|0x00000000a8200000, 0x00000000a8300000, 0x00000000a8300000|100%| E|CS|TAMS 0x00000000a8200000| PB 0x00000000a8200000| Complete |  0
|  93|0x00000000a8300000, 0x00000000a8400000, 0x00000000a8400000|100%| E|CS|TAMS 0x00000000a8300000| PB 0x00000000a8300000| Complete |  1

Card table byte_map: [0x0000024b7b2e0000,0x0000024b7b5d0000] _byte_map_base: 0x0000024b7adcd000

Marking Bits: (CMBitMap*) 0x0000024b7af71080
 Bits: [0x0000024b7b5d0000, 0x0000024b7cd38000)

Polling page: 0x0000024b78e20000

Metaspace:

Usage:
  Non-class:     15.68 MB used.
      Class:      2.04 MB used.
       Both:     17.72 MB used.

Virtual space:
  Non-class space:       64.00 MB reserved,      15.81 MB ( 25%) committed,  1 nodes.
      Class space:        1.00 GB reserved,       2.19 MB ( <1%) committed,  1 nodes.
             Both:        1.06 GB reserved,      18.00 MB (  2%) committed. 

Chunk freelists:
   Non-Class:  164.00 KB
       Class:  13.65 MB
        Both:  13.81 MB

MaxMetaspaceSize: unlimited
CompressedClassSpaceSize: 1.00 GB
Initial GC threshold: 21.00 MB
Current GC threshold: 21.00 MB
CDS: on
 - commit_granule_bytes: 65536.
 - commit_granule_words: 8192.
 - virtual_space_node_default_size: 8388608.
 - enlarge_chunks_in_place: 1.
 - use_allocation_guard: 0.


Internal statistics:

num_allocs_failed_limit: 0.
num_arena_births: 198.
num_arena_deaths: 0.
num_vsnodes_births: 2.
num_vsnodes_deaths: 0.
num_space_committed: 288.
num_space_uncommitted: 0.
num_chunks_returned_to_freelist: 0.
num_chunks_taken_from_freelist: 399.
num_chunk_merges: 0.
num_chunk_splits: 254.
num_chunks_enlarged: 158.
num_inconsistent_stats: 0.

CodeHeap 'non-profiled nmethods': size=120064Kb used=892Kb max_used=892Kb free=119171Kb
 bounds [0x0000024b10140000, 0x0000024b103b0000, 0x0000024b17680000]
CodeHeap 'profiled nmethods': size=120000Kb used=4570Kb max_used=4570Kb free=115429Kb
 bounds [0x0000024b08680000, 0x0000024b08b00000, 0x0000024b0fbb0000]
CodeHeap 'non-nmethods': size=5696Kb used=1733Kb max_used=1761Kb free=3962Kb
 bounds [0x0000024b0fbb0000, 0x0000024b0fe20000, 0x0000024b10140000]
CodeCache: size=245760Kb, used=7195Kb, max_used=7223Kb, free=238562Kb
 total_blobs=3766, nmethods=2982, adapters=688, full_count=0
Compilation: enabled, stopped_count=0, restarted_count=0

Compilation events (20 events):
Event: 9.433 Thread 0x0000024b7f1de0b0 nmethod 2973 0x0000024b1021eb88 code [0x0000024b1021ec80, 0x0000024b1021ed28]
Event: 9.434 Thread 0x0000024b7f1dfaa0 2974       3       sun.java2d.SunGraphics2D::validateBasicStroke (332 bytes)
Event: 9.435 Thread 0x0000024b7f1dfaa0 nmethod 2974 0x0000024b08af1588 code [0x0000024b08af1820, 0x0000024b08af2700]
Event: 9.435 Thread 0x0000024b7f1dfaa0 2975       3       java.awt.LinearGradientPaint::<init> (22 bytes)
Event: 9.435 Thread 0x0000024b7f1dfaa0 nmethod 2975 0x0000024b08af2788 code [0x0000024b08af28c0, 0x0000024b08af2b00]
Event: 9.435 Thread 0x0000024b7f1dfaa0 2976   !   3       java.lang.Object::wait (53 bytes)
Event: 9.436 Thread 0x0000024b7f1dfaa0 nmethod 2976 0x0000024b08af2b88 code [0x0000024b08af2d80, 0x0000024b08af3858]
Event: 9.454 Thread 0x0000024b7f1de0b0 2977       4       sun.awt.AWTAutoShutdown::isReadyToShutdown (37 bytes)
Event: 9.455 Thread 0x0000024b7f1de0b0 nmethod 2977 0x0000024b1021ee88 code [0x0000024b1021efa0, 0x0000024b1021f080]
Event: 9.662 Thread 0x0000024b7f1dfaa0 2978  s    3       javax.swing.RepaintManager::extendDirtyRegion (36 bytes)
Event: 9.662 Thread 0x0000024b7f1dfaa0 nmethod 2978 0x0000024b08af3908 code [0x0000024b08af3a60, 0x0000024b08af3fa8]
Event: 9.663 Thread 0x0000024b7f1de0b0 2979       4       javax.swing.plaf.nimbus.NimbusStyle::validate (1151 bytes)
Event: 9.664 Thread 0x0000024b7f1dfaa0 2981       3       sun.java2d.StateTrackableDelegate$1::isCurrent (17 bytes)
Event: 9.664 Thread 0x0000024b7f1dfaa0 nmethod 2981 0x0000024b08af4008 code [0x0000024b08af4120, 0x0000024b08af4288]
Event: 9.666 Thread 0x0000024b7f1dfaa0 2982       3       javax.swing.plaf.synth.SynthGraphicsUtils::paintText (413 bytes)
Event: 9.668 Thread 0x0000024b7f1dfaa0 nmethod 2982 0x0000024b08af4308 code [0x0000024b08af4620, 0x0000024b08af5eb0]
Event: 9.668 Thread 0x0000024b7f1dfaa0 2983       3       javax.swing.plaf.synth.SynthLookAndFeel::getPaintingInsets (31 bytes)
Event: 9.668 Thread 0x0000024b7f1dfaa0 nmethod 2983 0x0000024b08af6008 code [0x0000024b08af6160, 0x0000024b08af6560]
Event: 9.668 Thread 0x0000024b7f1dfaa0 2984       3       javax.swing.plaf.synth.SynthGraphicsUtils::paintText (20 bytes)
Event: 9.668 Thread 0x0000024b7f1dfaa0 nmethod 2984 0x0000024b08af6608 code [0x0000024b08af6720, 0x0000024b08af6888]

GC Heap History (4 events):
Event: 1.714 GC heap before
{Heap before GC invocations=0 (full 0):
 garbage-first heap   total reserved 1533952K, committed 96256K, used 14336K [0x00000000a2600000, 0x0000000100000000)
  region size 1024K, 14 young (14336K), 0 survivors (0K)
 Metaspace       used 12429K, committed 12736K, reserved 1114112K
  class space    used 1545K, committed 1664K, reserved 1048576K
}
Event: 1.721 GC heap after
{Heap after GC invocations=1 (full 0):
 garbage-first heap   total reserved 1533952K, committed 96256K, used 4480K [0x00000000a2600000, 0x0000000100000000)
  region size 1024K, 2 young (2048K), 2 survivors (2048K)
 Metaspace       used 12429K, committed 12736K, reserved 1114112K
  class space    used 1545K, committed 1664K, reserved 1048576K
}
Event: 8.619 GC heap before
{Heap before GC invocations=1 (full 0):
 garbage-first heap   total reserved 1533952K, committed 96256K, used 16768K [0x00000000a2600000, 0x0000000100000000)
  region size 1024K, 14 young (14336K), 2 survivors (2048K)
 Metaspace       used 17926K, committed 18176K, reserved 1114112K
  class space    used 2071K, committed 2176K, reserved 1048576K
}
Event: 8.624 GC heap after
{Heap after GC invocations=2 (full 0):
 garbage-first heap   total reserved 1533952K, committed 96256K, used 6485K [0x00000000a2600000, 0x0000000100000000)
  region size 1024K, 2 young (2048K), 2 survivors (2048K)
 Metaspace       used 17926K, committed 18176K, reserved 1114112K
  class space    used 2071K, committed 2176K, reserved 1048576K
}

Dll operation events (11 events):
Event: 0.017 Loaded shared library C:\Program Files\Java\jdk-23\bin\java.dll
Event: 0.300 Loaded shared library C:\Program Files\Java\jdk-23\bin\jsvml.dll
Event: 0.333 Loaded shared library C:\Program Files\Java\jdk-23\bin\net.dll
Event: 0.366 Loaded shared library C:\Program Files\Java\jdk-23\bin\nio.dll
Event: 0.500 Loaded shared library C:\Program Files\Java\jdk-23\bin\zip.dll
Event: 0.511 Loaded shared library C:\Program Files\Java\jdk-23\bin\jimage.dll
Event: 0.561 Loaded shared library C:\Program Files\Java\jdk-23\bin\awt.dll
Event: 0.827 Loaded shared library C:\Program Files\Java\jdk-23\bin\freetype.dll
Event: 0.828 Loaded shared library C:\Program Files\Java\jdk-23\bin\fontmanager.dll
Event: 1.086 Loaded shared library C:\Program Files\Java\jdk-23\bin\verify.dll
Event: 1.895 Loaded shared library C:\Program Files\Java\jdk-23\bin\extnet.dll

Deoptimization events (20 events):
Event: 8.806 Thread 0x0000024b5d816db0 DEOPT PACKING pc=0x0000024b089ad3cb sp=0x00000074963fc9c0
Event: 8.806 Thread 0x0000024b5d816db0 DEOPT UNPACKING pc=0x0000024b0fc04b22 sp=0x00000074963fbdc0 mode 0
Event: 8.809 Thread 0x0000024b5d816db0 DEOPT PACKING pc=0x0000024b089dc4ea sp=0x00000074963fc6a0
Event: 8.809 Thread 0x0000024b5d816db0 DEOPT UNPACKING pc=0x0000024b0fc04b22 sp=0x00000074963fbb28 mode 0
Event: 8.811 Thread 0x0000024b5d816db0 DEOPT PACKING pc=0x0000024b08a9758f sp=0x00000074963fc8f0
Event: 8.811 Thread 0x0000024b5d816db0 DEOPT UNPACKING pc=0x0000024b0fc04b22 sp=0x00000074963fbd68 mode 0
Event: 9.088 Thread 0x0000024b5d816db0 Uncommon trap: trap_request=0xffffff45 fr.pc=0x0000024b1020fdf4 relative=0x00000000000021b4
Event: 9.088 Thread 0x0000024b5d816db0 Uncommon trap: reason=unstable_if action=reinterpret pc=0x0000024b1020fdf4 method=sun.java2d.marlin.Renderer._endRendering(II)V @ 2194 c2
Event: 9.088 Thread 0x0000024b5d816db0 DEOPT PACKING pc=0x0000024b1020fdf4 sp=0x00000074963fd4e0
Event: 9.089 Thread 0x0000024b5d816db0 DEOPT UNPACKING pc=0x0000024b0fc04402 sp=0x00000074963fd2c0 mode 2
Event: 9.192 Thread 0x0000024b5d816db0 DEOPT PACKING pc=0x0000024b08ad38f0 sp=0x00000074963fd590
Event: 9.192 Thread 0x0000024b5d816db0 DEOPT UNPACKING pc=0x0000024b0fc04b22 sp=0x00000074963fc970 mode 0
Event: 9.322 Thread 0x0000024b5d816db0 DEOPT PACKING pc=0x0000024b08ad364b sp=0x00000074963fd590
Event: 9.322 Thread 0x0000024b5d816db0 DEOPT UNPACKING pc=0x0000024b0fc04b22 sp=0x00000074963fc970 mode 0
Event: 9.431 Thread 0x0000024b5d816db0 DEOPT PACKING pc=0x0000024b08ad38f0 sp=0x00000074963fd4f0
Event: 9.431 Thread 0x0000024b5d816db0 DEOPT UNPACKING pc=0x0000024b0fc04b22 sp=0x00000074963fc8d0 mode 0
Event: 9.473 Thread 0x0000024b5d816db0 DEOPT PACKING pc=0x0000024b08ad364b sp=0x00000074963fd4f0
Event: 9.473 Thread 0x0000024b5d816db0 DEOPT UNPACKING pc=0x0000024b0fc04b22 sp=0x00000074963fc8d0 mode 0
Event: 9.666 Thread 0x0000024b5d816db0 DEOPT PACKING pc=0x0000024b08ad38f0 sp=0x00000074963fd590
Event: 9.666 Thread 0x0000024b5d816db0 DEOPT UNPACKING pc=0x0000024b0fc04b22 sp=0x00000074963fc970 mode 0

Classes loaded (20 events):
Event: 8.631 Loading class javax/security/auth/Destroyable done
Event: 8.631 Loading class java/security/PrivateKey done
Event: 8.631 Loading class java/security/spec/InvalidKeySpecException
Event: 8.632 Loading class java/security/spec/InvalidKeySpecException done
Event: 8.632 Loading class java/security/spec/KeySpec
Event: 8.633 Loading class java/security/spec/KeySpec done
Event: 8.633 Loading class java/security/cert/CertificateException
Event: 8.634 Loading class java/security/cert/CertificateException done
Event: 8.634 Loading class javax/net/ssl/SSLSocket
Event: 8.634 Loading class javax/net/ssl/SSLSocket done
Event: 8.634 Loading class javax/crypto/NoSuchPaddingException
Event: 8.634 Loading class javax/crypto/NoSuchPaddingException done
Event: 8.634 Loading class javax/crypto/IllegalBlockSizeException
Event: 8.634 Loading class javax/crypto/IllegalBlockSizeException done
Event: 8.634 Loading class javax/crypto/BadPaddingException
Event: 8.635 Loading class javax/crypto/BadPaddingException done
Event: 8.635 Loading class sun/awt/UngrabEvent
Event: 8.635 Loading class sun/awt/UngrabEvent done
Event: 9.078 Loading class java/awt/LightweightDispatcher$2
Event: 9.078 Loading class java/awt/LightweightDispatcher$2 done

Classes unloaded (0 events):
No events

Classes redefined (0 events):
No events

Internal exceptions (20 events):
Event: 0.880 Thread 0x0000024b78c3cdf0 Exception <a 'java/lang/ClassNotFoundException'{0x00000000a7e4a7c0}: ToolTip> (0x00000000a7e4a7c0) 
thrown [s\open\src\hotspot\share\classfile\systemDictionary.cpp, line 313]
Event: 0.881 Thread 0x0000024b78c3cdf0 Exception <a 'java/lang/ClassNotFoundException'{0x00000000a7e4b110}: Tree> (0x00000000a7e4b110) 
thrown [s\open\src\hotspot\share\classfile\systemDictionary.cpp, line 313]
Event: 0.881 Thread 0x0000024b78c3cdf0 Exception <a 'java/lang/ClassNotFoundException'{0x00000000a7e4b608}: Tree> (0x00000000a7e4b608) 
thrown [s\open\src\hotspot\share\classfile\systemDictionary.cpp, line 313]
Event: 0.881 Thread 0x0000024b78c3cdf0 Exception <a 'java/lang/ClassNotFoundException'{0x00000000a7e4b978}: javax/swing/JTreeCell> (0x00000000a7e4b978) 
thrown [s\open\src\hotspot\share\classfile\systemDictionary.cpp, line 313]
Event: 0.881 Thread 0x0000024b78c3cdf0 Exception <a 'java/lang/ClassNotFoundException'{0x00000000a7e4bc80}: TreeCell> (0x00000000a7e4bc80) 
thrown [s\open\src\hotspot\share\classfile\systemDictionary.cpp, line 313]
Event: 0.882 Thread 0x0000024b78c3cdf0 Exception <a 'java/lang/ClassNotFoundException'{0x00000000a7e4c438}: RootPane> (0x00000000a7e4c438) 
thrown [s\open\src\hotspot\share\classfile\systemDictionary.cpp, line 313]
Event: 0.887 Thread 0x0000024b78c3cdf0 Exception <a 'java/lang/ClassNotFoundException'{0x00000000a7e4f298}: com/sun/swing/internal/plaf/metal/resources/spi/metalProvider> (0x00000000a7e4f298) 
thrown [s\open\src\hotspot\share\classfile\systemDictionary.cpp, line 313]
Event: 0.889 Thread 0x0000024b78c3cdf0 Exception <a 'java/lang/ClassNotFoundException'{0x00000000a7e52fa8}: com/sun/swing/internal/plaf/basic/resources/spi/basicProvider> (0x00000000a7e52fa8) 
thrown [s\open\src\hotspot\share\classfile\systemDictionary.cpp, line 313]
Event: 0.997 Thread 0x0000024b5d816db0 Exception <a 'java/lang/ClassNotFoundException'{0x00000000a7eedb38}: com/sun/swing/internal/plaf/synth/resources/spi/synthProvider> (0x00000000a7eedb38) 
thrown [s\open\src\hotspot\share\classfile\systemDictionary.cpp, line 313]
Event: 1.023 Thread 0x0000024b5d816db0 Exception <a 'java/lang/NoSuchMethodError'{0x00000000a7d78e90}: 'int java.lang.invoke.Invokers$Holder.invokeExact_MT(java.lang.Object, java.lang.Object)'> (0x00000000a7d78e90) 
thrown [s\open\src\hotspot\share\interpreter\linkResolver.cpp, line 796]
Event: 1.046 Thread 0x0000024b5d816db0 Exception <a 'java/lang/NoSuchMethodError'{0x00000000a7d88390}: 'java.lang.Object java.lang.invoke.DirectMethodHandle$Holder.newInvokeSpecial(java.lang.Object, java.lang.Object, int)'> (0x00000000a7d88390) 
thrown [s\open\src\hotspot\share\interpreter\linkResolver.cpp, line 796]
Event: 1.049 Thread 0x0000024b5d816db0 Exception <a 'java/lang/NoSuchMethodError'{0x00000000a7d9c908}: 'java.lang.Object java.lang.invoke.DirectMethodHandle$Holder.invokeStatic(java.lang.Object, java.lang.Object, java.lang.Object, java.lang.Object, int)'> (0x00000000a7d9c908) 
thrown [s\open\src\hotspot\share\interpreter\linkResolver.cpp, line 796]
Event: 1.050 Thread 0x0000024b5d816db0 Exception <a 'java/lang/NoSuchMethodError'{0x00000000a7da4f30}: 'int java.lang.invoke.DirectMethodHandle$Holder.invokeSpecial(java.lang.Object, java.lang.Object, java.lang.Object)'> (0x00000000a7da4f30) 
thrown [s\open\src\hotspot\share\interpreter\linkResolver.cpp, line 796]
Event: 1.383 Thread 0x0000024b62905a10 Exception <a 'java/lang/NoSuchMethodError'{0x00000000a7813388}: 'java.lang.Object java.lang.invoke.DirectMethodHandle$Holder.newInvokeSpecial(java.lang.Object, java.lang.Object, java.lang.Object, int, int, int, int, int)'> (0x00000000a7813388) 
thrown [s\open\src\hotspot\share\interpreter\linkResolver.cpp, line 796]
Event: 1.475 Thread 0x0000024b1794de60 Exception <a 'java/lang/NoSuchMethodError'{0x00000000a80e5d08}: 'void java.lang.invoke.DirectMethodHandle$Holder.invokeVirtual(java.lang.Object, java.lang.Object)'> (0x00000000a80e5d08) 
thrown [s\open\src\hotspot\share\interpreter\linkResolver.cpp, line 796]
Event: 1.509 Thread 0x0000024b5d816db0 Exception <a 'java/lang/NoSuchMethodError'{0x00000000a78f26f8}: 'void java.lang.invoke.DirectMethodHandle$Holder.invokeStaticInit(java.lang.Object)'> (0x00000000a78f26f8) 
thrown [s\open\src\hotspot\share\interpreter\linkResolver.cpp, line 796]
Event: 1.663 Thread 0x0000024b5d816db0 Exception <a 'java/lang/NoSuchMethodError'{0x00000000a77ced68}: 'void java.lang.invoke.DirectMethodHandle$Holder.invokeStatic(java.lang.Object, java.lang.Object)'> (0x00000000a77ced68) 
thrown [s\open\src\hotspot\share\interpreter\linkResolver.cpp, line 796]
Event: 1.699 Thread 0x0000024b5d816db0 Exception <a 'java/lang/NoSuchMethodError'{0x00000000a76b4c18}: 'java.lang.Object java.lang.invoke.DirectMethodHandle$Holder.invokeInterface(java.lang.Object, java.lang.Object)'> (0x00000000a76b4c18) 
thrown [s\open\src\hotspot\share\interpreter\linkResolver.cpp, line 796]
Event: 1.742 Thread 0x0000024b5d816db0 Exception <a 'java/lang/NoSuchMethodError'{0x00000000a83417d8}: 'java.lang.Object java.lang.invoke.DirectMethodHandle$Holder.invokeVirtual(java.lang.Object, java.lang.Object, java.lang.Object)'> (0x00000000a83417d8) 
thrown [s\open\src\hotspot\share\interpreter\linkResolver.cpp, line 796]
Event: 8.636 Thread 0x0000024b5ded4910 Exception <a 'java/lang/NoSuchMethodError'{0x00000000a83a3d00}: 'void java.lang.invoke.DirectMethodHandle$Holder.invokeStaticInit(java.lang.Object, java.lang.Object)'> (0x00000000a83a3d00) 
thrown [s\open\src\hotspot\share\interpreter\linkResolver.cpp, line 796]

VM Operations (20 events):
Event: 1.672 Executing VM operation: HandshakeAllThreads (Deoptimize)
Event: 1.672 Executing VM operation: HandshakeAllThreads (Deoptimize) done
Event: 1.714 Executing VM operation: G1CollectForAllocation (G1 Evacuation Pause)
Event: 1.721 Executing VM operation: G1CollectForAllocation (G1 Evacuation Pause) done
Event: 2.003 Executing VM operation: HandshakeAllThreads (Deoptimize)
Event: 2.003 Executing VM operation: HandshakeAllThreads (Deoptimize) done
Event: 2.177 Executing VM operation: HandshakeAllThreads (Deoptimize)
Event: 2.177 Executing VM operation: HandshakeAllThreads (Deoptimize) done
Event: 2.397 Executing VM operation: HandshakeAllThreads (Deoptimize)
Event: 2.397 Executing VM operation: HandshakeAllThreads (Deoptimize) done
Event: 2.421 Executing VM operation: HandshakeAllThreads (Deoptimize)
Event: 2.421 Executing VM operation: HandshakeAllThreads (Deoptimize) done
Event: 7.286 Executing VM operation: HandshakeAllThreads (Deoptimize)
Event: 7.286 Executing VM operation: HandshakeAllThreads (Deoptimize) done
Event: 8.594 Executing VM operation: HandshakeAllThreads (Deoptimize)
Event: 8.594 Executing VM operation: HandshakeAllThreads (Deoptimize) done
Event: 8.595 Executing VM operation: HandshakeAllThreads (Deoptimize)
Event: 8.595 Executing VM operation: HandshakeAllThreads (Deoptimize) done
Event: 8.619 Executing VM operation: G1CollectForAllocation (G1 Evacuation Pause)
Event: 8.624 Executing VM operation: G1CollectForAllocation (G1 Evacuation Pause) done

Memory protections (0 events):
No events

Nmethod flushes (0 events):
No events

Events (20 events):
Event: 0.286 Thread 0x0000024b78c3cdf0 Thread added: 0x0000024b7f1cbe40
Event: 0.286 Thread 0x0000024b78c3cdf0 Thread added: 0x0000024b7f1d17f0
Event: 0.286 Thread 0x0000024b78c3cdf0 Thread added: 0x0000024b7f1d3260
Event: 0.286 Thread 0x0000024b78c3cdf0 Thread added: 0x0000024b7f1d6470
Event: 0.286 Thread 0x0000024b78c3cdf0 Thread added: 0x0000024b7f1dcb80
Event: 0.286 Thread 0x0000024b78c3cdf0 Thread added: 0x0000024b7f1de0b0
Event: 0.286 Thread 0x0000024b78c3cdf0 Thread added: 0x0000024b7f1dfaa0
Event: 0.311 Thread 0x0000024b78c3cdf0 Thread added: 0x0000024b176e2ee0
Event: 0.486 Thread 0x0000024b78c3cdf0 Thread added: 0x0000024b1788f180
Event: 0.702 Thread 0x0000024b78c3cdf0 Thread added: 0x0000024b1793e9d0
Event: 0.704 Thread 0x0000024b78c3cdf0 Thread added: 0x0000024b17940860
Event: 0.706 Thread 0x0000024b78c3cdf0 Thread added: 0x0000024b1794de60
Event: 0.915 Thread 0x0000024b78c3cdf0 Thread added: 0x0000024b5d816db0
Event: 0.917 Thread 0x0000024b78c3cdf0 Thread exited: 0x0000024b78c3cdf0
Event: 0.917 Thread 0x0000024b78c3cdf0 Thread added: 0x0000024b78c3cdf0
Event: 1.235 Thread 0x0000024b5d816db0 Thread added: 0x0000024b5dd90b90
Event: 1.373 Thread 0x0000024b5d816db0 Thread added: 0x0000024b62905a10
Event: 1.664 Thread 0x0000024b5d816db0 Thread added: 0x0000024b5ded4910
Event: 2.128 Thread 0x0000024b5d816db0 Thread added: 0x0000024b5df28050
Event: 6.397 Thread 0x0000024b62905a10 Thread exited: 0x0000024b62905a10


Dynamic libraries:
0x00007ff76ebd0000 - 0x00007ff76ebe0000 	C:\Program Files\Java\jdk-23\bin\java.exe
0x00007ff94e4e0000 - 0x00007ff94e6d0000 	C:\Windows\SYSTEM32\ntdll.dll
0x00007ff94cf30000 - 0x00007ff94cfe2000 	C:\Windows\System32\KERNEL32.DLL
0x00007ff94b920000 - 0x00007ff94bbc3000 	C:\Windows\System32\KERNELBASE.dll
0x00007ff94b7a0000 - 0x00007ff94b89a000 	C:\Windows\System32\ucrtbase.dll
0x00007ff946960000 - 0x00007ff946977000 	C:\Program Files\Java\jdk-23\bin\jli.dll
0x00007ff947630000 - 0x00007ff94764b000 	C:\Program Files\Java\jdk-23\bin\VCRUNTIME140.dll
0x00007ff94d0c0000 - 0x00007ff94d254000 	C:\Windows\System32\USER32.dll
0x00007ff940ef0000 - 0x00007ff941175000 	C:\Windows\WinSxS\amd64_microsoft.windows.common-controls_6595b64144ccf1df_6.0.18362.535_none_e6c3b34713100821\COMCTL32.dll
0x00007ff94c400000 - 0x00007ff94c421000 	C:\Windows\System32\win32u.dll
0x00007ff94d5c0000 - 0x00007ff94d5e6000 	C:\Windows\System32\GDI32.dll
0x00007ff94c430000 - 0x00007ff94c5c4000 	C:\Windows\System32\gdi32full.dll
0x00007ff94b700000 - 0x00007ff94b79e000 	C:\Windows\System32\msvcp_win.dll
0x00007ff94e3a0000 - 0x00007ff94e43e000 	C:\Windows\System32\msvcrt.dll
0x00007ff94dd30000 - 0x00007ff94e066000 	C:\Windows\System32\combase.dll
0x00007ff94e280000 - 0x00007ff94e3a0000 	C:\Windows\System32\RPCRT4.dll
0x00007ff94b8a0000 - 0x00007ff94b920000 	C:\Windows\System32\bcryptPrimitives.dll
0x00007ff94c810000 - 0x00007ff94c83e000 	C:\Windows\System32\IMM32.DLL
0x00007ff946940000 - 0x00007ff94694c000 	C:\Program Files\Java\jdk-23\bin\vcruntime140_1.dll
0x00007ff93bbb0000 - 0x00007ff93bc3e000 	C:\Program Files\Java\jdk-23\bin\msvcp140.dll
0x00007ff918960000 - 0x00007ff9196b0000 	C:\Program Files\Java\jdk-23\bin\server\jvm.dll
0x00007ff94d430000 - 0x00007ff94d4d3000 	C:\Windows\System32\ADVAPI32.dll
0x00007ff94e440000 - 0x00007ff94e4d7000 	C:\Windows\System32\sechost.dll
0x00007ff94b420000 - 0x00007ff94b46a000 	C:\Windows\System32\POWRPROF.dll
0x00007ff94b3f0000 - 0x00007ff94b400000 	C:\Windows\System32\UMPDC.dll
0x00007ff94d260000 - 0x00007ff94d2cf000 	C:\Windows\System32\WS2_32.dll
0x00007ff9470e0000 - 0x00007ff9470ea000 	C:\Windows\SYSTEM32\VERSION.dll
0x00007ff9495e0000 - 0x00007ff949604000 	C:\Windows\SYSTEM32\WINMM.dll
0x00007ff9495b0000 - 0x00007ff9495dd000 	C:\Windows\SYSTEM32\WINMMBASE.dll
0x00007ff94b600000 - 0x00007ff94b64a000 	C:\Windows\System32\cfgmgr32.dll
0x00007ff94b400000 - 0x00007ff94b411000 	C:\Windows\System32\kernel.appcore.dll
0x00007ff945750000 - 0x00007ff94575a000 	C:\Program Files\Java\jdk-23\bin\jimage.dll
0x00007ff92d3e0000 - 0x00007ff92d5d4000 	C:\Windows\SYSTEM32\DBGHELP.DLL
0x00007ff9386e0000 - 0x00007ff93870a000 	C:\Windows\SYSTEM32\dbgcore.DLL
0x00007ff945ad0000 - 0x00007ff945aee000 	C:\Program Files\Java\jdk-23\bin\java.dll
0x00007ff94c5e0000 - 0x00007ff94c736000 	C:\Windows\System32\ole32.dll
0x00007ff94c840000 - 0x00007ff94cf25000 	C:\Windows\System32\SHELL32.dll
0x00007ff94d380000 - 0x00007ff94d429000 	C:\Windows\System32\shcore.dll
0x00007ff94bc00000 - 0x00007ff94c37f000 	C:\Windows\System32\windows.storage.dll
0x00007ff94b470000 - 0x00007ff94b48f000 	C:\Windows\System32\profapi.dll
0x00007ff94c740000 - 0x00007ff94c792000 	C:\Windows\System32\shlwapi.dll
0x00007ff94c3e0000 - 0x00007ff94c3f7000 	C:\Windows\System32\cryptsp.dll
0x00007ff934510000 - 0x00007ff9345e7000 	C:\Program Files\Java\jdk-23\bin\jsvml.dll
0x00007ff9452e0000 - 0x00007ff9452f0000 	C:\Program Files\Java\jdk-23\bin\net.dll
0x00007ff94ac00000 - 0x00007ff94ac67000 	C:\Windows\system32\mswsock.dll
0x00007ff93f5b0000 - 0x00007ff93f5c6000 	C:\Program Files\Java\jdk-23\bin\nio.dll
0x00007ff934df0000 - 0x00007ff934e07000 	C:\Program Files\Java\jdk-23\bin\zip.dll
0x00007ff932a30000 - 0x00007ff932bbe000 	C:\Program Files\Java\jdk-23\bin\awt.dll
0x00007ff94d5f0000 - 0x00007ff94d6b4000 	C:\Windows\System32\OLEAUT32.dll
0x00007ff9496e0000 - 0x00007ff94976f000 	C:\Windows\SYSTEM32\apphelp.dll
0x00007ff9499f0000 - 0x00007ff949a89000 	C:\Windows\system32\uxtheme.dll
0x00007ff94d770000 - 0x00007ff94d8a5000 	C:\Windows\System32\MSCTF.dll
0x00007ff949bb0000 - 0x00007ff949bdd000 	C:\Windows\system32\DWMAPI.DLL
0x00007ff934e20000 - 0x00007ff934ea7000 	C:\Program Files\Java\jdk-23\bin\freetype.dll
0x00007ff932950000 - 0x00007ff932a27000 	C:\Program Files\Java\jdk-23\bin\fontmanager.dll
0x00007ff92bad0000 - 0x00007ff92bc26000 	C:\Windows\system32\opengl32.dll
0x00007ff93f620000 - 0x00007ff93f64c000 	C:\Windows\SYSTEM32\GLU32.dll
0x00007ff94a0f0000 - 0x00007ff94a110000 	C:\Windows\SYSTEM32\dxcore.dll
0x00007ff916ef0000 - 0x00007ff9170b7000 	C:\Windows\system32\d3d9.dll
0x00007ff93f940000 - 0x00007ff93fb1b000 	C:\Windows\System32\DriverStore\FileRepository\u0365057.inf_amd64_c4eff47eaf88e53e\B364966\aticfx64.dll
0x00007ff93fe70000 - 0x00007ff93fea3000 	C:\Windows\System32\DriverStore\FileRepository\u0365057.inf_amd64_c4eff47eaf88e53e\B364966\atiu9p64.dll
0x00007ff915dd0000 - 0x00007ff916af1000 	C:\Windows\System32\DriverStore\FileRepository\u0365057.inf_amd64_c4eff47eaf88e53e\B364966\atiumd64.dll
0x0000000053c80000 - 0x0000000054b42000 	C:\Windows\System32\DriverStore\FileRepository\u0365057.inf_amd64_c4eff47eaf88e53e\B364966\atiumd6a.dll
0x00007ff93bb40000 - 0x00007ff93bb70000 	C:\Windows\SYSTEM32\amdihk64.dll
0x00007ff947d70000 - 0x00007ff947d80000 	C:\Program Files\Java\jdk-23\bin\verify.dll
0x00007ff94d2d0000 - 0x00007ff94d372000 	C:\Windows\System32\clbcatq.dll
0x00007ff945760000 - 0x00007ff94590f000 	C:\Windows\SYSTEM32\WindowsCodecs.dll
0x00007ff941e60000 - 0x00007ff941e9a000 	C:\Windows\system32\dataexchange.dll
0x00007ff948e30000 - 0x00007ff94900b000 	C:\Windows\system32\dcomp.dll
0x00007ff948740000 - 0x00007ff94899b000 	C:\Windows\system32\d3d11.dll
0x00007ff94a110000 - 0x00007ff94a1fb000 	C:\Windows\system32\dxgi.dll
0x00007ff949790000 - 0x00007ff9499ea000 	C:\Windows\system32\twinapi.appcore.dll
0x00007ff949be0000 - 0x00007ff949c09000 	C:\Windows\system32\RMCLIENT.dll
0x00007ff94a950000 - 0x00007ff94aa1a000 	C:\Windows\SYSTEM32\DNSAPI.dll
0x00007ff94c5d0000 - 0x00007ff94c5d8000 	C:\Windows\System32\NSI.dll
0x00007ff94a910000 - 0x00007ff94a94a000 	C:\Windows\SYSTEM32\IPHLPAPI.DLL
0x00007ff945690000 - 0x00007ff94569a000 	C:\Windows\System32\rasadhlp.dll
0x00007ff946f80000 - 0x00007ff946ff7000 	C:\Windows\System32\fwpuclnt.dll
0x00007ff94bbd0000 - 0x00007ff94bbf6000 	C:\Windows\System32\bcrypt.dll
0x00007ff947d60000 - 0x00007ff947d69000 	C:\Program Files\Java\jdk-23\bin\extnet.dll

dbghelp: loaded successfully - version: 4.0.5 - missing functions: none
symbol engine: initialized successfully - sym options: 0x614 - pdb path: .;C:\Program Files\Java\jdk-23\bin;C:\Windows\SYSTEM32;C:\Windows\WinSxS\amd64_microsoft.windows.common-controls_6595b64144ccf1df_6.0.18362.535_none_e6c3b34713100821;C:\Program Files\Java\jdk-23\bin\server;C:\Windows\System32\DriverStore\FileRepository\u0365057.inf_amd64_c4eff47eaf88e53e\B364966

VM Arguments:
jvm_args: -Dfile.encoding=UTF-8 --module-path=C:\Users\CLIENT\Documents\NetBeansProjects\filmEquipment\build\classes 
java_command: filmequipment.returnEquipment
java_class_path (initial): C:\Users\CLIENT\Documents\NetBeansProjects\filmEquipment\lib\mysql-connector-j-9.2.0.jar;C:\Users\CLIENT\Documents\NetBeansProjects\filmEquipment\lib\jcalendar-1.4.jar;C:\Users\CLIENT\Documents\NetBeansProjects\filmEquipment\build\classes
Launcher Type: SUN_STANDARD

[Global flags]
     intx CICompilerCount                          = 3                                         {product} {ergonomic}
     uint ConcGCThreads                            = 1                                         {product} {ergonomic}
     uint G1ConcRefinementThreads                  = 4                                         {product} {ergonomic}
   size_t G1HeapRegionSize                         = 1048576                                   {product} {ergonomic}
   size_t InitialHeapSize                          = 98566144                                  {product} {ergonomic}
   size_t MarkStackSize                            = 4194304                                   {product} {ergonomic}
   size_t MarkStackSizeMax                         = 536870912                                 {product} {ergonomic}
   size_t MaxHeapSize                              = 1570766848                                {product} {ergonomic}
   size_t MaxNewSize                               = 941621248                                 {product} {ergonomic}
   size_t MinHeapDeltaBytes                        = 1048576                                   {product} {ergonomic}
   size_t MinHeapSize                              = 8388608                                   {product} {ergonomic}
    uintx NonNMethodCodeHeapSize                   = 5832704                                {pd product} {ergonomic}
    uintx NonProfiledCodeHeapSize                  = 122945536                              {pd product} {ergonomic}
    uintx ProfiledCodeHeapSize                     = 122880000                              {pd product} {ergonomic}
    uintx ReservedCodeCacheSize                    = 251658240                              {pd product} {ergonomic}
     bool SegmentedCodeCache                       = true                                      {product} {ergonomic}
   size_t SoftMaxHeapSize                          = 1570766848                             {manageable} {ergonomic}
     bool UseCompressedOops                        = true                           {product lp64_product} {ergonomic}
     bool UseG1GC                                  = true                                      {product} {ergonomic}
     bool UseLargePagesIndividualAllocation        = false                                  {pd product} {ergonomic}

Logging:
Log output configuration:
 #0: stdout all=warning uptime,level,tags foldmultilines=false
 #1: stderr all=off uptime,level,tags foldmultilines=false

Environment Variables:
PATH=C:\Program Files\Common Files\Oracle\Java\javapath;C:\Program Files (x86)\Common Files\Oracle\Java\javapath;C:\Windows\system32;C:\Windows;C:\Windows\System32\Wbem;C:\Windows\System32\WindowsPowerShell\v1.0\;C:\Program Files (x86)\NVIDIA Corporation\PhysX\Common;C:\Users\CLIENT\AppData\Local\Microsoft\WindowsApps;
USERNAME=CLIENT
OS=Windows_NT
PROCESSOR_IDENTIFIER=AMD64 Family 23 Model 24 Stepping 1, AuthenticAMD
TMP=C:\Users\CLIENT\AppData\Local\Temp
TEMP=C:\Users\CLIENT\AppData\Local\Temp




Periodic native trim disabled

---------------  S Y S T E M  ---------------

OS:
 Windows 10 , 64 bit Build 18362 (10.0.18362.329)
OS uptime: 0 days 1:47 hours

CPU: total 4 (initial active 4) (4 cores per cpu, 1 threads per core) family 23 model 24 stepping 1 microcode 0x0, cx8, cmov, fxsr, mmx, 3dnowpref, sse, sse2, sse3, ssse3, sse4a, sse4.1, sse4.2, popcnt, lzcnt, tsc, tscinvbit, avx, avx2, aes, clmul, bmi1, bmi2, adx, sha, fma, vzeroupper, clflush, clflushopt, rdtscp, f16c
Processor Information for the first 4 processors :
  Max Mhz: 3600, Current Mhz: 3600, Mhz Limit: 3600

Memory: 4k page, system-wide physical 5989M (44M free)
TotalPageFile size 14181M (AvailPageFile size 5M)
current process WorkingSet (physical memory assigned to process): 148M, peak: 149M
current process commit charge ("private bytes"): 267M, peak: 269M

vm_info: Java HotSpot(TM) 64-Bit Server VM (23.0.2+7-58) for windows-amd64 JRE (23.0.2+7-58), built on 2024-11-29T09:34:55Z with MS VC++ 17.6 (VS2022)

END.
