#
# There is insufficient memory for the Java Runtime Environment to continue.
# Native memory allocation (malloc) failed to allocate 32744 bytes. Error detail: Chunk::new
# Possible reasons:
#   The system is out of physical RAM or swap space
#   This process is running with CompressedOops enabled, and the Java Heap may be blocking the growth of the native heap
# Possible solutions:
#   Reduce memory load on the system
#   Increase physical memory or swap space
#   Check if swap backing store is full
#   Decrease Java heap size (-Xmx/-Xms)
#   Decrease number of Java threads
#   Decrease Java thread stack sizes (-Xss)
#   Set larger code cache with -XX:ReservedCodeCacheSize=
#   JVM is running with Unscaled Compressed Oops mode in which the Java heap is
#     placed in the first 4GB address space. The Java Heap base address is the
#     maximum limit for the native heap growth. Please use -XX:HeapBaseMinAddress
#     to set the Java Heap base and to place the Java Heap above 4GB virtual address.
# This output file may be truncated or incomplete.
#
#  Out of Memory Error (arena.cpp:149), pid=13020, tid=11804
#
# JRE version: Java(TM) SE Runtime Environment (23.0.2+7) (build 23.0.2+7-58)
# Java VM: Java HotSpot(TM) 64-Bit Server VM (23.0.2+7-58, mixed mode, sharing, tiered, compressed oops, compressed class ptrs, g1 gc, windows-amd64)
# No core dump will be written. Minidumps are not enabled by default on client versions of Windows
#

---------------  S U M M A R Y ------------

Command Line: -Dfile.encoding=UTF-8 --module-path=C:\Users\CLIENT\Documents\NetBeansProjects\filmEquipment\build\classes filmequipment.registerClient

Host: AMD Ryzen 3 3200G with Radeon Vega Graphics    , 4 cores, 5G,  Windows 10 , 64 bit Build 18362 (10.0.18362.329)
Time: Mon Jan 27 11:18:05 2025 Malay Peninsula Standard Time elapsed time: 6.199479 seconds (0d 0h 0m 6s)

---------------  T H R E A D  ---------------

Current thread (0x0000017d7f849be0):  JavaThread "C1 CompilerThread0" daemon [_thread_in_native, id=11804, stack(0x000000018c300000,0x000000018c400000) (1024K)]


Current CompileTask:
C1:6199 2006       3       sun.java2d.marlin.TransformingPathConsumer2D$PathClipFilter::lineTo (259 bytes)

Stack: [0x000000018c300000,0x000000018c400000]
Native frames: (J=compiled Java code, j=interpreted, Vv=VM code, C=native code)
V  [jvm.dll+0x6e0b99]  (no source info available)
V  [jvm.dll+0x87e2b3]  (no source info available)
V  [jvm.dll+0x88073e]  (no source info available)
V  [jvm.dll+0x880e13]  (no source info available)
V  [jvm.dll+0x27b006]  (no source info available)
V  [jvm.dll+0xbc06f]  (no source info available)
V  [jvm.dll+0xbc2cb]  (no source info available)
V  [jvm.dll+0x19452b]  (no source info available)
V  [jvm.dll+0x195684]  (no source info available)
V  [jvm.dll+0x150a72]  (no source info available)
V  [jvm.dll+0x15022f]  (no source info available)
V  [jvm.dll+0x1504db]  (no source info available)
V  [jvm.dll+0x14f8a8]  (no source info available)
V  [jvm.dll+0x1516ed]  (no source info available)
V  [jvm.dll+0x253df1]  (no source info available)
V  [jvm.dll+0x2520aa]  (no source info available)
V  [jvm.dll+0x3ee226]  (no source info available)
V  [jvm.dll+0x8254cb]  (no source info available)
V  [jvm.dll+0x6df345]  (no source info available)
C  [ucrtbase.dll+0x20e72]  (no source info available)
C  [KERNEL32.DLL+0x17bd4]  (no source info available)
C  [ntdll.dll+0x6ced1]  (no source info available)

Lock stack of current Java thread (top to bottom):


---------------  P R O C E S S  ---------------

Threads class SMR info:
_java_thread_list=0x0000017d5da67840, length=18, elements={
0x0000017d7f818140, 0x0000017d7f81ae70, 0x0000017d7f81dcd0, 0x0000017d7f81e730,
0x0000017d7f820d40, 0x0000017d7f821f40, 0x0000017d7f828980, 0x0000017d7f849be0,
0x0000017d127fff50, 0x0000017d1291b420, 0x0000017d12a5fe50, 0x0000017d12a61500,
0x0000017d12a62370, 0x0000017d5885c340, 0x0000017d7444d4e0, 0x0000017d58fb4350,
0x0000017d58f10920, 0x0000017d5d9cabd0
}

Java Threads: ( => current thread )
  0x0000017d7f818140 JavaThread "Reference Handler"          daemon [_thread_blocked, id=8576, stack(0x000000018bc00000,0x000000018bd00000) (1024K)]
  0x0000017d7f81ae70 JavaThread "Finalizer"                  daemon [_thread_blocked, id=11376, stack(0x000000018bd00000,0x000000018be00000) (1024K)]
  0x0000017d7f81dcd0 JavaThread "Signal Dispatcher"          daemon [_thread_blocked, id=10424, stack(0x000000018be00000,0x000000018bf00000) (1024K)]
  0x0000017d7f81e730 JavaThread "Attach Listener"            daemon [_thread_blocked, id=8616, stack(0x000000018bf00000,0x000000018c000000) (1024K)]
  0x0000017d7f820d40 JavaThread "Service Thread"             daemon [_thread_blocked, id=11936, stack(0x000000018c000000,0x000000018c100000) (1024K)]
  0x0000017d7f821f40 JavaThread "Monitor Deflation Thread"   daemon [_thread_blocked, id=7864, stack(0x000000018c100000,0x000000018c200000) (1024K)]
  0x0000017d7f828980 JavaThread "C2 CompilerThread0"         daemon [_thread_in_native, id=12744, stack(0x000000018c200000,0x000000018c300000) (1024K)]
=>0x0000017d7f849be0 JavaThread "C1 CompilerThread0"         daemon [_thread_in_native, id=11804, stack(0x000000018c300000,0x000000018c400000) (1024K)]
  0x0000017d127fff50 JavaThread "Common-Cleaner"             daemon [_thread_blocked, id=9292, stack(0x000000018c400000,0x000000018c500000) (1024K)]
  0x0000017d1291b420 JavaThread "Notification Thread"        daemon [_thread_blocked, id=13248, stack(0x000000018c500000,0x000000018c600000) (1024K)]
  0x0000017d12a5fe50 JavaThread "Java2D Disposer"            daemon [_thread_blocked, id=11964, stack(0x000000018c600000,0x000000018c700000) (1024K)]
  0x0000017d12a61500 JavaThread "AWT-Shutdown"                      [_thread_blocked, id=12464, stack(0x000000018c700000,0x000000018c800000) (1024K)]
  0x0000017d12a62370 JavaThread "AWT-Windows"                daemon [_thread_in_Java, id=13288, stack(0x000000018c800000,0x000000018c900000) (1024K)]
  0x0000017d5885c340 JavaThread "AWT-EventQueue-0"                  [_thread_in_Java, id=12508, stack(0x000000018c900000,0x000000018ca00000) (1024K)]
  0x0000017d7444d4e0 JavaThread "DestroyJavaVM"                     [_thread_blocked, id=7804, stack(0x000000018b400000,0x000000018b500000) (1024K)]
  0x0000017d58fb4350 JavaThread "TimerQueue"                 daemon [_thread_blocked, id=10104, stack(0x000000018d200000,0x000000018d300000) (1024K)]
  0x0000017d58f10920 JavaThread "mysql-cj-abandoned-connection-cleanup" daemon [_thread_blocked, id=13256, stack(0x000000018d400000,0x000000018d500000) (1024K)]
  0x0000017d5d9cabd0 JavaThread "D3D Screen Updater"         daemon [_thread_blocked, id=8448, stack(0x000000018d800000,0x000000018d900000) (1024K)]
Total: 18

Other Threads:
  0x0000017d7f803eb0 VMThread "VM Thread"                           [id=2632, stack(0x000000018bb00000,0x000000018bc00000) (1024K)]
  0x0000017d7f7effe0 WatcherThread "VM Periodic Task Thread"        [id=2520, stack(0x000000018ba00000,0x000000018bb00000) (1024K)]
  0x0000017d766b08e0 WorkerThread "GC Thread#0"                     [id=12644, stack(0x000000018b500000,0x000000018b600000) (1024K)]
  0x0000017d5d98b210 WorkerThread "GC Thread#1"                     [id=12220, stack(0x000000018d500000,0x000000018d600000) (1024K)]
  0x0000017d5d890790 WorkerThread "GC Thread#2"                     [id=6744, stack(0x000000018d600000,0x000000018d700000) (1024K)]
  0x0000017d5d890b40 WorkerThread "GC Thread#3"                     [id=2176, stack(0x000000018d700000,0x000000018d800000) (1024K)]
  0x0000017d766c0400 ConcurrentGCThread "G1 Main Marker"            [id=6264, stack(0x000000018b600000,0x000000018b700000) (1024K)]
  0x0000017d766c15c0 WorkerThread "G1 Conc#0"                       [id=10856, stack(0x000000018b700000,0x000000018b800000) (1024K)]
  0x0000017d7f6d0090 ConcurrentGCThread "G1 Refine#0"               [id=2016, stack(0x000000018b800000,0x000000018b900000) (1024K)]
  0x0000017d7f6d0b20 ConcurrentGCThread "G1 Service"                [id=13116, stack(0x000000018b900000,0x000000018ba00000) (1024K)]
Total: 10

Threads with active compile tasks:
C2 CompilerThread0  6249 2000       4       sun.java2d.marlin.MarlinCache::copyAARowRLE_WithBlockFlags (733 bytes)
C1 CompilerThread0  6249 2006       3       sun.java2d.marlin.TransformingPathConsumer2D$PathClipFilter::lineTo (259 bytes)
Total: 2

VM state: not at safepoint (normal execution)

VM Mutex/Monitor currently owned by a thread: None

Heap address: 0x00000000a2600000, size: 1498 MB, Compressed Oops mode: 32-bit

CDS archive(s) mapped at: [0x0000017d13000000-0x0000017d13d70000-0x0000017d13d70000), size 14090240, SharedBaseAddress: 0x0000017d13000000, ArchiveRelocationMode: 1.
Compressed class space mapped at: 0x0000017d14000000-0x0000017d54000000, reserved size: 1073741824
Narrow klass base: 0x0000017d13000000, Narrow klass shift: 0, Narrow klass range: 0x41000000

GC Precious Log:
 CardTable entry size: 512
 Card Set container configuration: InlinePtr #cards 5 size 8 Array Of Cards #cards 10 size 36 Howl #buckets 4 coarsen threshold 1843 Howl Bitmap #cards 512 size 80 coarsen threshold 460 Card regions per heap region 1 cards per card region 2048
 CPUs: 4 total, 4 available
 Memory: 5989M
 Large Page Support: Disabled
 NUMA Support: Disabled
 Compressed Oops: Enabled (32-bit)
 Heap Region Size: 1M
 Heap Min Capacity: 8M
 Heap Initial Capacity: 94M
 Heap Max Capacity: 1498M
 Pre-touch: Disabled
 Parallel Workers: 4
 Concurrent Workers: 1
 Concurrent Refinement Workers: 4
 Periodic GC: Disabled

Heap:
 garbage-first heap   total reserved 1533952K, committed 96256K, used 10272K [0x00000000a2600000, 0x0000000100000000)
  region size 1024K, 10 young (10240K), 2 survivors (2048K)
 Metaspace       used 15988K, committed 16192K, reserved 1114112K
  class space    used 1855K, committed 1984K, reserved 1048576K

Heap Regions: E=young(eden), S=young(survivor), O=old, HS=humongous(starts), HC=humongous(continues), CS=collection set, F=free, TAMS=top-at-mark-start, PB=parsable bottom
|   0|0x00000000a2600000, 0x00000000a2700000, 0x00000000a2700000|100%| O|  |TAMS 0x00000000a2600000| PB 0x00000000a2600000| Untracked |  0
|   1|0x00000000a2700000, 0x00000000a2800000, 0x00000000a2800000|100%| O|  |TAMS 0x00000000a2700000| PB 0x00000000a2700000| Untracked |  0
|   2|0x00000000a2800000, 0x00000000a2808000, 0x00000000a2900000|  3%| O|  |TAMS 0x00000000a2800000| PB 0x00000000a2800000| Untracked |  0
|   3|0x00000000a2900000, 0x00000000a2900000, 0x00000000a2a00000|  0%| F|  |TAMS 0x00000000a2900000| PB 0x00000000a2900000| Untracked |  0
|   4|0x00000000a2a00000, 0x00000000a2a00000, 0x00000000a2b00000|  0%| F|  |TAMS 0x00000000a2a00000| PB 0x00000000a2a00000| Untracked |  0
|   5|0x00000000a2b00000, 0x00000000a2b00000, 0x00000000a2c00000|  0%| F|  |TAMS 0x00000000a2b00000| PB 0x00000000a2b00000| Untracked |  0
|   6|0x00000000a2c00000, 0x00000000a2c00000, 0x00000000a2d00000|  0%| F|  |TAMS 0x00000000a2c00000| PB 0x00000000a2c00000| Untracked |  0
|   7|0x00000000a2d00000, 0x00000000a2d00000, 0x00000000a2e00000|  0%| F|  |TAMS 0x00000000a2d00000| PB 0x00000000a2d00000| Untracked |  0
|   8|0x00000000a2e00000, 0x00000000a2e00000, 0x00000000a2f00000|  0%| F|  |TAMS 0x00000000a2e00000| PB 0x00000000a2e00000| Untracked |  0
|   9|0x00000000a2f00000, 0x00000000a2f00000, 0x00000000a3000000|  0%| F|  |TAMS 0x00000000a2f00000| PB 0x00000000a2f00000| Untracked |  0
|  10|0x00000000a3000000, 0x00000000a3000000, 0x00000000a3100000|  0%| F|  |TAMS 0x00000000a3000000| PB 0x00000000a3000000| Untracked |  0
|  11|0x00000000a3100000, 0x00000000a3100000, 0x00000000a3200000|  0%| F|  |TAMS 0x00000000a3100000| PB 0x00000000a3100000| Untracked |  0
|  12|0x00000000a3200000, 0x00000000a3200000, 0x00000000a3300000|  0%| F|  |TAMS 0x00000000a3200000| PB 0x00000000a3200000| Untracked |  0
|  13|0x00000000a3300000, 0x00000000a3300000, 0x00000000a3400000|  0%| F|  |TAMS 0x00000000a3300000| PB 0x00000000a3300000| Untracked |  0
|  14|0x00000000a3400000, 0x00000000a3400000, 0x00000000a3500000|  0%| F|  |TAMS 0x00000000a3400000| PB 0x00000000a3400000| Untracked |  0
|  15|0x00000000a3500000, 0x00000000a3500000, 0x00000000a3600000|  0%| F|  |TAMS 0x00000000a3500000| PB 0x00000000a3500000| Untracked |  0
|  16|0x00000000a3600000, 0x00000000a3600000, 0x00000000a3700000|  0%| F|  |TAMS 0x00000000a3600000| PB 0x00000000a3600000| Untracked |  0
|  17|0x00000000a3700000, 0x00000000a3700000, 0x00000000a3800000|  0%| F|  |TAMS 0x00000000a3700000| PB 0x00000000a3700000| Untracked |  0
|  18|0x00000000a3800000, 0x00000000a3800000, 0x00000000a3900000|  0%| F|  |TAMS 0x00000000a3800000| PB 0x00000000a3800000| Untracked |  0
|  19|0x00000000a3900000, 0x00000000a3900000, 0x00000000a3a00000|  0%| F|  |TAMS 0x00000000a3900000| PB 0x00000000a3900000| Untracked |  0
|  20|0x00000000a3a00000, 0x00000000a3a00000, 0x00000000a3b00000|  0%| F|  |TAMS 0x00000000a3a00000| PB 0x00000000a3a00000| Untracked |  0
|  21|0x00000000a3b00000, 0x00000000a3b00000, 0x00000000a3c00000|  0%| F|  |TAMS 0x00000000a3b00000| PB 0x00000000a3b00000| Untracked |  0
|  22|0x00000000a3c00000, 0x00000000a3c00000, 0x00000000a3d00000|  0%| F|  |TAMS 0x00000000a3c00000| PB 0x00000000a3c00000| Untracked |  0
|  23|0x00000000a3d00000, 0x00000000a3d00000, 0x00000000a3e00000|  0%| F|  |TAMS 0x00000000a3d00000| PB 0x00000000a3d00000| Untracked |  0
|  24|0x00000000a3e00000, 0x00000000a3e00000, 0x00000000a3f00000|  0%| F|  |TAMS 0x00000000a3e00000| PB 0x00000000a3e00000| Untracked |  0
|  25|0x00000000a3f00000, 0x00000000a3f00000, 0x00000000a4000000|  0%| F|  |TAMS 0x00000000a3f00000| PB 0x00000000a3f00000| Untracked |  0
|  26|0x00000000a4000000, 0x00000000a4000000, 0x00000000a4100000|  0%| F|  |TAMS 0x00000000a4000000| PB 0x00000000a4000000| Untracked |  0
|  27|0x00000000a4100000, 0x00000000a4100000, 0x00000000a4200000|  0%| F|  |TAMS 0x00000000a4100000| PB 0x00000000a4100000| Untracked |  0
|  28|0x00000000a4200000, 0x00000000a4200000, 0x00000000a4300000|  0%| F|  |TAMS 0x00000000a4200000| PB 0x00000000a4200000| Untracked |  0
|  29|0x00000000a4300000, 0x00000000a4300000, 0x00000000a4400000|  0%| F|  |TAMS 0x00000000a4300000| PB 0x00000000a4300000| Untracked |  0
|  30|0x00000000a4400000, 0x00000000a4400000, 0x00000000a4500000|  0%| F|  |TAMS 0x00000000a4400000| PB 0x00000000a4400000| Untracked |  0
|  31|0x00000000a4500000, 0x00000000a4500000, 0x00000000a4600000|  0%| F|  |TAMS 0x00000000a4500000| PB 0x00000000a4500000| Untracked |  0
|  32|0x00000000a4600000, 0x00000000a4600000, 0x00000000a4700000|  0%| F|  |TAMS 0x00000000a4600000| PB 0x00000000a4600000| Untracked |  0
|  33|0x00000000a4700000, 0x00000000a4700000, 0x00000000a4800000|  0%| F|  |TAMS 0x00000000a4700000| PB 0x00000000a4700000| Untracked |  0
|  34|0x00000000a4800000, 0x00000000a4800000, 0x00000000a4900000|  0%| F|  |TAMS 0x00000000a4800000| PB 0x00000000a4800000| Untracked |  0
|  35|0x00000000a4900000, 0x00000000a4900000, 0x00000000a4a00000|  0%| F|  |TAMS 0x00000000a4900000| PB 0x00000000a4900000| Untracked |  0
|  36|0x00000000a4a00000, 0x00000000a4a00000, 0x00000000a4b00000|  0%| F|  |TAMS 0x00000000a4a00000| PB 0x00000000a4a00000| Untracked |  0
|  37|0x00000000a4b00000, 0x00000000a4b00000, 0x00000000a4c00000|  0%| F|  |TAMS 0x00000000a4b00000| PB 0x00000000a4b00000| Untracked |  0
|  38|0x00000000a4c00000, 0x00000000a4c00000, 0x00000000a4d00000|  0%| F|  |TAMS 0x00000000a4c00000| PB 0x00000000a4c00000| Untracked |  0
|  39|0x00000000a4d00000, 0x00000000a4d00000, 0x00000000a4e00000|  0%| F|  |TAMS 0x00000000a4d00000| PB 0x00000000a4d00000| Untracked |  0
|  40|0x00000000a4e00000, 0x00000000a4e00000, 0x00000000a4f00000|  0%| F|  |TAMS 0x00000000a4e00000| PB 0x00000000a4e00000| Untracked |  0
|  41|0x00000000a4f00000, 0x00000000a4f00000, 0x00000000a5000000|  0%| F|  |TAMS 0x00000000a4f00000| PB 0x00000000a4f00000| Untracked |  0
|  42|0x00000000a5000000, 0x00000000a5000000, 0x00000000a5100000|  0%| F|  |TAMS 0x00000000a5000000| PB 0x00000000a5000000| Untracked |  0
|  43|0x00000000a5100000, 0x00000000a5100000, 0x00000000a5200000|  0%| F|  |TAMS 0x00000000a5100000| PB 0x00000000a5100000| Untracked |  0
|  44|0x00000000a5200000, 0x00000000a5200000, 0x00000000a5300000|  0%| F|  |TAMS 0x00000000a5200000| PB 0x00000000a5200000| Untracked |  0
|  45|0x00000000a5300000, 0x00000000a5300000, 0x00000000a5400000|  0%| F|  |TAMS 0x00000000a5300000| PB 0x00000000a5300000| Untracked |  0
|  46|0x00000000a5400000, 0x00000000a5400000, 0x00000000a5500000|  0%| F|  |TAMS 0x00000000a5400000| PB 0x00000000a5400000| Untracked |  0
|  47|0x00000000a5500000, 0x00000000a5500000, 0x00000000a5600000|  0%| F|  |TAMS 0x00000000a5500000| PB 0x00000000a5500000| Untracked |  0
|  48|0x00000000a5600000, 0x00000000a5600000, 0x00000000a5700000|  0%| F|  |TAMS 0x00000000a5600000| PB 0x00000000a5600000| Untracked |  0
|  49|0x00000000a5700000, 0x00000000a5700000, 0x00000000a5800000|  0%| F|  |TAMS 0x00000000a5700000| PB 0x00000000a5700000| Untracked |  0
|  50|0x00000000a5800000, 0x00000000a5800000, 0x00000000a5900000|  0%| F|  |TAMS 0x00000000a5800000| PB 0x00000000a5800000| Untracked |  0
|  51|0x00000000a5900000, 0x00000000a5900000, 0x00000000a5a00000|  0%| F|  |TAMS 0x00000000a5900000| PB 0x00000000a5900000| Untracked |  0
|  52|0x00000000a5a00000, 0x00000000a5a00000, 0x00000000a5b00000|  0%| F|  |TAMS 0x00000000a5a00000| PB 0x00000000a5a00000| Untracked |  0
|  53|0x00000000a5b00000, 0x00000000a5b00000, 0x00000000a5c00000|  0%| F|  |TAMS 0x00000000a5b00000| PB 0x00000000a5b00000| Untracked |  0
|  54|0x00000000a5c00000, 0x00000000a5c00000, 0x00000000a5d00000|  0%| F|  |TAMS 0x00000000a5c00000| PB 0x00000000a5c00000| Untracked |  0
|  55|0x00000000a5d00000, 0x00000000a5d00000, 0x00000000a5e00000|  0%| F|  |TAMS 0x00000000a5d00000| PB 0x00000000a5d00000| Untracked |  0
|  56|0x00000000a5e00000, 0x00000000a5e00000, 0x00000000a5f00000|  0%| F|  |TAMS 0x00000000a5e00000| PB 0x00000000a5e00000| Untracked |  0
|  57|0x00000000a5f00000, 0x00000000a5f00000, 0x00000000a6000000|  0%| F|  |TAMS 0x00000000a5f00000| PB 0x00000000a5f00000| Untracked |  0
|  58|0x00000000a6000000, 0x00000000a6000000, 0x00000000a6100000|  0%| F|  |TAMS 0x00000000a6000000| PB 0x00000000a6000000| Untracked |  0
|  59|0x00000000a6100000, 0x00000000a6100000, 0x00000000a6200000|  0%| F|  |TAMS 0x00000000a6100000| PB 0x00000000a6100000| Untracked |  0
|  60|0x00000000a6200000, 0x00000000a6200000, 0x00000000a6300000|  0%| F|  |TAMS 0x00000000a6200000| PB 0x00000000a6200000| Untracked |  0
|  61|0x00000000a6300000, 0x00000000a6300000, 0x00000000a6400000|  0%| F|  |TAMS 0x00000000a6300000| PB 0x00000000a6300000| Untracked |  0
|  62|0x00000000a6400000, 0x00000000a6400000, 0x00000000a6500000|  0%| F|  |TAMS 0x00000000a6400000| PB 0x00000000a6400000| Untracked |  0
|  63|0x00000000a6500000, 0x00000000a6500000, 0x00000000a6600000|  0%| F|  |TAMS 0x00000000a6500000| PB 0x00000000a6500000| Untracked |  0
|  64|0x00000000a6600000, 0x00000000a6600000, 0x00000000a6700000|  0%| F|  |TAMS 0x00000000a6600000| PB 0x00000000a6600000| Untracked |  0
|  65|0x00000000a6700000, 0x00000000a6700000, 0x00000000a6800000|  0%| F|  |TAMS 0x00000000a6700000| PB 0x00000000a6700000| Untracked |  0
|  66|0x00000000a6800000, 0x00000000a6800000, 0x00000000a6900000|  0%| F|  |TAMS 0x00000000a6800000| PB 0x00000000a6800000| Untracked |  0
|  67|0x00000000a6900000, 0x00000000a6900000, 0x00000000a6a00000|  0%| F|  |TAMS 0x00000000a6900000| PB 0x00000000a6900000| Untracked |  0
|  68|0x00000000a6a00000, 0x00000000a6a00000, 0x00000000a6b00000|  0%| F|  |TAMS 0x00000000a6a00000| PB 0x00000000a6a00000| Untracked |  0
|  69|0x00000000a6b00000, 0x00000000a6b00000, 0x00000000a6c00000|  0%| F|  |TAMS 0x00000000a6b00000| PB 0x00000000a6b00000| Untracked |  0
|  70|0x00000000a6c00000, 0x00000000a6c00000, 0x00000000a6d00000|  0%| F|  |TAMS 0x00000000a6c00000| PB 0x00000000a6c00000| Untracked |  0
|  71|0x00000000a6d00000, 0x00000000a6d00000, 0x00000000a6e00000|  0%| F|  |TAMS 0x00000000a6d00000| PB 0x00000000a6d00000| Untracked |  0
|  72|0x00000000a6e00000, 0x00000000a6e00000, 0x00000000a6f00000|  0%| F|  |TAMS 0x00000000a6e00000| PB 0x00000000a6e00000| Untracked |  0
|  73|0x00000000a6f00000, 0x00000000a6f00000, 0x00000000a7000000|  0%| F|  |TAMS 0x00000000a6f00000| PB 0x00000000a6f00000| Untracked |  0
|  74|0x00000000a7000000, 0x00000000a7000000, 0x00000000a7100000|  0%| F|  |TAMS 0x00000000a7000000| PB 0x00000000a7000000| Untracked |  0
|  75|0x00000000a7100000, 0x00000000a7100000, 0x00000000a7200000|  0%| F|  |TAMS 0x00000000a7100000| PB 0x00000000a7100000| Untracked |  0
|  76|0x00000000a7200000, 0x00000000a7200000, 0x00000000a7300000|  0%| F|  |TAMS 0x00000000a7200000| PB 0x00000000a7200000| Untracked |  0
|  77|0x00000000a7300000, 0x00000000a7300000, 0x00000000a7400000|  0%| F|  |TAMS 0x00000000a7300000| PB 0x00000000a7300000| Untracked |  0
|  78|0x00000000a7400000, 0x00000000a7500000, 0x00000000a7500000|100%| S|CS|TAMS 0x00000000a7400000| PB 0x00000000a7400000| Complete |  0
|  79|0x00000000a7500000, 0x00000000a7600000, 0x00000000a7600000|100%| S|CS|TAMS 0x00000000a7500000| PB 0x00000000a7500000| Complete |  0
|  80|0x00000000a7600000, 0x00000000a7600000, 0x00000000a7700000|  0%| F|  |TAMS 0x00000000a7600000| PB 0x00000000a7600000| Untracked |  0
|  81|0x00000000a7700000, 0x00000000a7700000, 0x00000000a7800000|  0%| F|  |TAMS 0x00000000a7700000| PB 0x00000000a7700000| Untracked |  0
|  82|0x00000000a7800000, 0x00000000a7800000, 0x00000000a7900000|  0%| F|  |TAMS 0x00000000a7800000| PB 0x00000000a7800000| Untracked |  0
|  83|0x00000000a7900000, 0x00000000a7900000, 0x00000000a7a00000|  0%| F|  |TAMS 0x00000000a7900000| PB 0x00000000a7900000| Untracked |  0
|  84|0x00000000a7a00000, 0x00000000a7a00000, 0x00000000a7b00000|  0%| F|  |TAMS 0x00000000a7a00000| PB 0x00000000a7a00000| Untracked |  0
|  85|0x00000000a7b00000, 0x00000000a7b00000, 0x00000000a7c00000|  0%| F|  |TAMS 0x00000000a7b00000| PB 0x00000000a7b00000| Untracked |  0
|  86|0x00000000a7c00000, 0x00000000a7c5eec8, 0x00000000a7d00000| 37%| E|  |TAMS 0x00000000a7c00000| PB 0x00000000a7c00000| Complete |  0
|  87|0x00000000a7d00000, 0x00000000a7e00000, 0x00000000a7e00000|100%| E|CS|TAMS 0x00000000a7d00000| PB 0x00000000a7d00000| Complete |  1
|  88|0x00000000a7e00000, 0x00000000a7f00000, 0x00000000a7f00000|100%| E|CS|TAMS 0x00000000a7e00000| PB 0x00000000a7e00000| Complete |  0
|  89|0x00000000a7f00000, 0x00000000a8000000, 0x00000000a8000000|100%| E|CS|TAMS 0x00000000a7f00000| PB 0x00000000a7f00000| Complete |  0
|  90|0x00000000a8000000, 0x00000000a8100000, 0x00000000a8100000|100%| E|CS|TAMS 0x00000000a8000000| PB 0x00000000a8000000| Complete |  0
|  91|0x00000000a8100000, 0x00000000a8200000, 0x00000000a8200000|100%| E|CS|TAMS 0x00000000a8100000| PB 0x00000000a8100000| Complete |  0
|  92|0x00000000a8200000, 0x00000000a8300000, 0x00000000a8300000|100%| E|CS|TAMS 0x00000000a8200000| PB 0x00000000a8200000| Complete |  0
|  93|0x00000000a8300000, 0x00000000a83ffff0, 0x00000000a8400000| 99%| E|  |TAMS 0x00000000a8300000| PB 0x00000000a8300000| Complete |  0

Card table byte_map: [0x0000017d7f0a0000,0x0000017d7f390000] _byte_map_base: 0x0000017d7eb8d000

Marking Bits: (CMBitMap*) 0x0000017d766b0f00
 Bits: [0x0000017d0f000000, 0x0000017d10768000)

Polling page: 0x0000017d74400000

Metaspace:

Usage:
  Non-class:     13.80 MB used.
      Class:      1.81 MB used.
       Both:     15.61 MB used.

Virtual space:
  Non-class space:       64.00 MB reserved,      13.88 MB ( 22%) committed,  1 nodes.
      Class space:        1.00 GB reserved,       1.94 MB ( <1%) committed,  1 nodes.
             Both:        1.06 GB reserved,      15.81 MB (  1%) committed. 

Chunk freelists:
   Non-Class:  2.06 MB
       Class:  14.02 MB
        Both:  16.08 MB

MaxMetaspaceSize: unlimited
CompressedClassSpaceSize: 1.00 GB
Initial GC threshold: 21.00 MB
Current GC threshold: 21.00 MB
CDS: on
 - commit_granule_bytes: 65536.
 - commit_granule_words: 8192.
 - virtual_space_node_default_size: 8388608.
 - enlarge_chunks_in_place: 1.
 - use_allocation_guard: 0.


Internal statistics:

num_allocs_failed_limit: 0.
num_arena_births: 178.
num_arena_deaths: 0.
num_vsnodes_births: 2.
num_vsnodes_deaths: 0.
num_space_committed: 253.
num_space_uncommitted: 0.
num_chunks_returned_to_freelist: 0.
num_chunks_taken_from_freelist: 389.
num_chunk_merges: 0.
num_chunk_splits: 227.
num_chunks_enlarged: 110.
num_inconsistent_stats: 0.

CodeHeap 'non-profiled nmethods': size=120064Kb used=565Kb max_used=565Kb free=119498Kb
 bounds [0x0000017d07ac0000, 0x0000017d07d30000, 0x0000017d0f000000]
CodeHeap 'profiled nmethods': size=120000Kb used=2664Kb max_used=2664Kb free=117335Kb
 bounds [0x0000017d00000000, 0x0000017d002a0000, 0x0000017d07530000]
CodeHeap 'non-nmethods': size=5696Kb used=1701Kb max_used=1715Kb free=3994Kb
 bounds [0x0000017d07530000, 0x0000017d077a0000, 0x0000017d07ac0000]
CodeCache: size=245760Kb, used=4930Kb, max_used=4944Kb, free=240827Kb
 total_blobs=2766, nmethods=2005, adapters=666, full_count=0
Compilation: enabled, stopped_count=0, restarted_count=0

Compilation events (20 events):
Event: 6.145 Thread 0x0000017d7f828980 1994       4       java.util.concurrent.locks.ReentrantLock::lock (8 bytes)
Event: 6.148 Thread 0x0000017d7f828980 nmethod 1994 0x0000017d07b4c408 code [0x0000017d07b4c540, 0x0000017d07b4c7d0]
Event: 6.170 Thread 0x0000017d7f849be0 1995       3       java.util.IdentityHashMap::get (60 bytes)
Event: 6.171 Thread 0x0000017d7f849be0 nmethod 1995 0x0000017d00297d08 code [0x0000017d00297e60, 0x0000017d002982a0]
Event: 6.171 Thread 0x0000017d7f849be0 1996       3       java.util.IdentityHashMap$IdentityHashMapIterator::nextIndex (72 bytes)
Event: 6.171 Thread 0x0000017d7f849be0 nmethod 1996 0x0000017d00298308 code [0x0000017d00298460, 0x0000017d00298838]
Event: 6.172 Thread 0x0000017d7f849be0 1997       3       java.awt.geom.Point2D$Float::<init> (15 bytes)
Event: 6.172 Thread 0x0000017d7f828980 2000       4       sun.java2d.marlin.MarlinCache::copyAARowRLE_WithBlockFlags (733 bytes)
Event: 6.172 Thread 0x0000017d7f849be0 nmethod 1997 0x0000017d00298888 code [0x0000017d002989a0, 0x0000017d00298b70]
Event: 6.172 Thread 0x0000017d7f849be0 1998       3       java.awt.geom.RoundRectIterator::currentSegment (142 bytes)
Event: 6.173 Thread 0x0000017d7f849be0 nmethod 1998 0x0000017d00298c08 code [0x0000017d00298d80, 0x0000017d00299380]
Event: 6.173 Thread 0x0000017d7f849be0 1999       3       java.awt.geom.RoundRectIterator::next (11 bytes)
Event: 6.173 Thread 0x0000017d7f849be0 nmethod 1999 0x0000017d00299408 code [0x0000017d00299520, 0x0000017d00299630]
Event: 6.173 Thread 0x0000017d7f849be0 2002       3       sun.java2d.loops.CompositeType::equals (29 bytes)
Event: 6.173 Thread 0x0000017d7f849be0 nmethod 2002 0x0000017d00299708 code [0x0000017d00299840, 0x0000017d00299ba8]
Event: 6.173 Thread 0x0000017d7f849be0 2003       3       javax.swing.DefaultButtonModel::isSelected (15 bytes)
Event: 6.173 Thread 0x0000017d7f849be0 nmethod 2003 0x0000017d00299c08 code [0x0000017d00299d20, 0x0000017d00299e80]
Event: 6.178 Thread 0x0000017d7f849be0 2005       3       java.security.AccessController::checkContext (49 bytes)
Event: 6.178 Thread 0x0000017d7f849be0 nmethod 2005 0x0000017d00299f08 code [0x0000017d0029a020, 0x0000017d0029a1f8]
Event: 6.180 Thread 0x0000017d7f849be0 2006       3       sun.java2d.marlin.TransformingPathConsumer2D$PathClipFilter::lineTo (259 bytes)

GC Heap History (2 events):
Event: 2.736 GC heap before
{Heap before GC invocations=0 (full 0):
 garbage-first heap   total reserved 1533952K, committed 96256K, used 14336K [0x00000000a2600000, 0x0000000100000000)
  region size 1024K, 14 young (14336K), 0 survivors (0K)
 Metaspace       used 12445K, committed 12672K, reserved 1114112K
  class space    used 1473K, committed 1600K, reserved 1048576K
}
Event: 2.743 GC heap after
{Heap after GC invocations=1 (full 0):
 garbage-first heap   total reserved 1533952K, committed 96256K, used 4128K [0x00000000a2600000, 0x0000000100000000)
  region size 1024K, 2 young (2048K), 2 survivors (2048K)
 Metaspace       used 12445K, committed 12672K, reserved 1114112K
  class space    used 1473K, committed 1600K, reserved 1048576K
}

Dll operation events (10 events):
Event: 0.015 Loaded shared library C:\Program Files\Java\jdk-23\bin\java.dll
Event: 0.232 Loaded shared library C:\Program Files\Java\jdk-23\bin\jsvml.dll
Event: 0.267 Loaded shared library C:\Program Files\Java\jdk-23\bin\net.dll
Event: 0.274 Loaded shared library C:\Program Files\Java\jdk-23\bin\nio.dll
Event: 0.310 Loaded shared library C:\Program Files\Java\jdk-23\bin\zip.dll
Event: 0.324 Loaded shared library C:\Program Files\Java\jdk-23\bin\jimage.dll
Event: 0.365 Loaded shared library C:\Program Files\Java\jdk-23\bin\awt.dll
Event: 0.598 Loaded shared library C:\Program Files\Java\jdk-23\bin\freetype.dll
Event: 0.600 Loaded shared library C:\Program Files\Java\jdk-23\bin\fontmanager.dll
Event: 2.788 Loaded shared library C:\Program Files\Java\jdk-23\bin\extnet.dll

Deoptimization events (20 events):
Event: 2.599 Thread 0x0000017d5885c340 Uncommon trap: trap_request=0xffffffde fr.pc=0x0000017d07af2824 relative=0x00000000000002c4
Event: 2.599 Thread 0x0000017d5885c340 Uncommon trap: reason=class_check action=maybe_recompile pc=0x0000017d07af2824 method=java.util.HashMap.getNode(Ljava/lang/Object;)Ljava/util/HashMap$Node; @ 82 c2
Event: 2.599 Thread 0x0000017d5885c340 DEOPT PACKING pc=0x0000017d07af2824 sp=0x000000018c9fa1e0
Event: 2.599 Thread 0x0000017d5885c340 DEOPT UNPACKING pc=0x0000017d07584402 sp=0x000000018c9fa160 mode 2
Event: 2.751 Thread 0x0000017d5885c340 Uncommon trap: trap_request=0xffffff45 fr.pc=0x0000017d07b000d8 relative=0x00000000000000b8
Event: 2.751 Thread 0x0000017d5885c340 Uncommon trap: reason=unstable_if action=reinterpret pc=0x0000017d07b000d8 method=java.lang.ref.ReferenceQueue.headIsNull()Z @ 4 c2
Event: 2.751 Thread 0x0000017d5885c340 DEOPT PACKING pc=0x0000017d07b000d8 sp=0x000000018c9fdb80
Event: 2.751 Thread 0x0000017d5885c340 DEOPT UNPACKING pc=0x0000017d07584402 sp=0x000000018c9fda40 mode 2
Event: 3.428 Thread 0x0000017d5885c340 Uncommon trap: trap_request=0xffffff45 fr.pc=0x0000017d07b11e18 relative=0x0000000000000538
Event: 3.428 Thread 0x0000017d5885c340 Uncommon trap: reason=unstable_if action=reinterpret pc=0x0000017d07b11e18 method=java.lang.ref.SoftReference.get()Ljava/lang/Object; @ 17 c2
Event: 3.428 Thread 0x0000017d5885c340 DEOPT PACKING pc=0x0000017d07b11e18 sp=0x000000018c9fda80
Event: 3.428 Thread 0x0000017d5885c340 DEOPT UNPACKING pc=0x0000017d07584402 sp=0x000000018c9fd940 mode 2
Event: 3.442 Thread 0x0000017d5885c340 Uncommon trap: trap_request=0xffffffde fr.pc=0x0000017d07ad2218 relative=0x0000000000000198
Event: 3.442 Thread 0x0000017d5885c340 Uncommon trap: reason=class_check action=maybe_recompile pc=0x0000017d07ad2218 method=java.lang.String.equals(Ljava/lang/Object;)Z @ 8 c2
Event: 3.442 Thread 0x0000017d5885c340 DEOPT PACKING pc=0x0000017d07ad2218 sp=0x000000018c9fda50
Event: 3.442 Thread 0x0000017d5885c340 DEOPT UNPACKING pc=0x0000017d07584402 sp=0x000000018c9fd9d8 mode 2
Event: 3.615 Thread 0x0000017d5885c340 Uncommon trap: trap_request=0xffffffde fr.pc=0x0000017d07ad2218 relative=0x0000000000000198
Event: 3.615 Thread 0x0000017d5885c340 Uncommon trap: reason=class_check action=maybe_recompile pc=0x0000017d07ad2218 method=java.lang.String.equals(Ljava/lang/Object;)Z @ 8 c2
Event: 3.615 Thread 0x0000017d5885c340 DEOPT PACKING pc=0x0000017d07ad2218 sp=0x000000018c9fc8d0
Event: 3.615 Thread 0x0000017d5885c340 DEOPT UNPACKING pc=0x0000017d07584402 sp=0x000000018c9fc858 mode 2

Classes loaded (20 events):
Event: 5.570 Loading class java/awt/event/MouseEvent$1
Event: 5.570 Loading class sun/awt/AWTAccessor$MouseEventAccessor
Event: 5.570 Loading class sun/awt/AWTAccessor$MouseEventAccessor done
Event: 5.570 Loading class java/awt/event/MouseEvent$1 done
Event: 5.571 Loading class java/awt/Cursor$CursorDisposer
Event: 5.571 Loading class java/awt/Cursor$CursorDisposer done
Event: 5.572 Loading class java/awt/Container$MouseEventTargetFilter
Event: 5.572 Loading class java/awt/Container$EventTargetFilter
Event: 5.572 Loading class java/awt/Container$EventTargetFilter done
Event: 5.572 Loading class java/awt/Container$MouseEventTargetFilter done
Event: 5.572 Loading class java/awt/LightweightDispatcher$1
Event: 5.572 Loading class java/awt/LightweightDispatcher$1 done
Event: 5.572 Loading class java/awt/event/AWTEventListenerProxy
Event: 5.572 Loading class java/awt/event/AWTEventListenerProxy done
Event: 5.572 Loading class java/awt/Toolkit$SelectiveAWTEventListener
Event: 5.573 Loading class java/awt/Toolkit$SelectiveAWTEventListener done
Event: 5.573 Loading class java/awt/Toolkit$ToolkitEventMulticaster
Event: 5.573 Loading class java/awt/Toolkit$ToolkitEventMulticaster done
Event: 5.573 Loading class java/awt/event/MouseWheelEvent
Event: 5.573 Loading class java/awt/event/MouseWheelEvent done

Classes unloaded (0 events):
No events

Classes redefined (0 events):
No events

Internal exceptions (20 events):
Event: 0.671 Thread 0x0000017d7444d4e0 Exception <a 'java/lang/ClassNotFoundException'{0x00000000a7e41000}: javax/swing/JToolBarSeparator> (0x00000000a7e41000) 
thrown [s\open\src\hotspot\share\classfile\systemDictionary.cpp, line 313]
Event: 0.672 Thread 0x0000017d7444d4e0 Exception <a 'java/lang/ClassNotFoundException'{0x00000000a7e41310}: ToolBarSeparator> (0x00000000a7e41310) 
thrown [s\open\src\hotspot\share\classfile\systemDictionary.cpp, line 313]
Event: 0.672 Thread 0x0000017d7444d4e0 Exception <a 'java/lang/ClassNotFoundException'{0x00000000a7e41828}: ToolTip> (0x00000000a7e41828) 
thrown [s\open\src\hotspot\share\classfile\systemDictionary.cpp, line 313]
Event: 0.674 Thread 0x0000017d7444d4e0 Exception <a 'java/lang/ClassNotFoundException'{0x00000000a7e42178}: Tree> (0x00000000a7e42178) 
thrown [s\open\src\hotspot\share\classfile\systemDictionary.cpp, line 313]
Event: 0.674 Thread 0x0000017d7444d4e0 Exception <a 'java/lang/ClassNotFoundException'{0x00000000a7e42670}: Tree> (0x00000000a7e42670) 
thrown [s\open\src\hotspot\share\classfile\systemDictionary.cpp, line 313]
Event: 0.674 Thread 0x0000017d7444d4e0 Exception <a 'java/lang/ClassNotFoundException'{0x00000000a7e429e0}: javax/swing/JTreeCell> (0x00000000a7e429e0) 
thrown [s\open\src\hotspot\share\classfile\systemDictionary.cpp, line 313]
Event: 0.674 Thread 0x0000017d7444d4e0 Exception <a 'java/lang/ClassNotFoundException'{0x00000000a7e42ce8}: TreeCell> (0x00000000a7e42ce8) 
thrown [s\open\src\hotspot\share\classfile\systemDictionary.cpp, line 313]
Event: 0.674 Thread 0x0000017d7444d4e0 Exception <a 'java/lang/ClassNotFoundException'{0x00000000a7e434a0}: RootPane> (0x00000000a7e434a0) 
thrown [s\open\src\hotspot\share\classfile\systemDictionary.cpp, line 313]
Event: 0.679 Thread 0x0000017d7444d4e0 Exception <a 'java/lang/ClassNotFoundException'{0x00000000a7e46300}: com/sun/swing/internal/plaf/metal/resources/spi/metalProvider> (0x00000000a7e46300) 
thrown [s\open\src\hotspot\share\classfile\systemDictionary.cpp, line 313]
Event: 0.682 Thread 0x0000017d7444d4e0 Exception <a 'java/lang/ClassNotFoundException'{0x00000000a7e4a258}: com/sun/swing/internal/plaf/basic/resources/spi/basicProvider> (0x00000000a7e4a258) 
thrown [s\open\src\hotspot\share\classfile\systemDictionary.cpp, line 313]
Event: 0.904 Thread 0x0000017d5885c340 Exception <a 'java/lang/ClassNotFoundException'{0x00000000a7ea6598}: com/sun/swing/internal/plaf/synth/resources/spi/synthProvider> (0x00000000a7ea6598) 
thrown [s\open\src\hotspot\share\classfile\systemDictionary.cpp, line 313]
Event: 1.165 Thread 0x0000017d5885c340 Exception <a 'java/lang/NoSuchMethodError'{0x00000000a7d11f40}: 'int java.lang.invoke.Invokers$Holder.invokeExact_MT(java.lang.Object, java.lang.Object)'> (0x00000000a7d11f40) 
thrown [s\open\src\hotspot\share\interpreter\linkResolver.cpp, line 796]
Event: 1.240 Thread 0x0000017d5885c340 Exception <a 'java/lang/NoSuchMethodError'{0x00000000a7d1ab40}: 'java.lang.Object java.lang.invoke.DirectMethodHandle$Holder.newInvokeSpecial(java.lang.Object, java.lang.Object, int)'> (0x00000000a7d1ab40) 
thrown [s\open\src\hotspot\share\interpreter\linkResolver.cpp, line 796]
Event: 1.254 Thread 0x0000017d5885c340 Exception <a 'java/lang/NoSuchMethodError'{0x00000000a7d2f020}: 'java.lang.Object java.lang.invoke.DirectMethodHandle$Holder.invokeStatic(java.lang.Object, java.lang.Object, java.lang.Object, java.lang.Object, int)'> (0x00000000a7d2f020) 
thrown [s\open\src\hotspot\share\interpreter\linkResolver.cpp, line 796]
Event: 1.256 Thread 0x0000017d5885c340 Exception <a 'java/lang/NoSuchMethodError'{0x00000000a7d37648}: 'int java.lang.invoke.DirectMethodHandle$Holder.invokeSpecial(java.lang.Object, java.lang.Object, java.lang.Object)'> (0x00000000a7d37648) 
thrown [s\open\src\hotspot\share\interpreter\linkResolver.cpp, line 796]
Event: 2.431 Thread 0x0000017d12a62370 Exception <a 'java/lang/NoSuchMethodError'{0x00000000a80e8d30}: 'void java.lang.invoke.DirectMethodHandle$Holder.invokeVirtual(java.lang.Object, java.lang.Object)'> (0x00000000a80e8d30) 
thrown [s\open\src\hotspot\share\interpreter\linkResolver.cpp, line 796]
Event: 2.465 Thread 0x0000017d5885c340 Exception <a 'java/lang/NoSuchMethodError'{0x00000000a7a02d68}: 'void java.lang.invoke.DirectMethodHandle$Holder.invokeStaticInit(java.lang.Object)'> (0x00000000a7a02d68) 
thrown [s\open\src\hotspot\share\interpreter\linkResolver.cpp, line 796]
Event: 2.608 Thread 0x0000017d5885c340 Exception <a 'java/lang/NoSuchMethodError'{0x00000000a7aacc68}: 'void java.lang.invoke.DirectMethodHandle$Holder.invokeStatic(java.lang.Object, java.lang.Object)'> (0x00000000a7aacc68) 
thrown [s\open\src\hotspot\share\interpreter\linkResolver.cpp, line 796]
Event: 2.651 Thread 0x0000017d5885c340 Exception <a 'java/lang/NoSuchMethodError'{0x00000000a7991680}: 'java.lang.Object java.lang.invoke.DirectMethodHandle$Holder.invokeInterface(java.lang.Object, java.lang.Object)'> (0x00000000a7991680) 
thrown [s\open\src\hotspot\share\interpreter\linkResolver.cpp, line 796]
Event: 2.677 Thread 0x0000017d5885c340 Exception <a 'java/lang/NoSuchMethodError'{0x00000000a781ec30}: 'java.lang.Object java.lang.invoke.DirectMethodHandle$Holder.invokeVirtual(java.lang.Object, java.lang.Object, java.lang.Object)'> (0x00000000a781ec30) 
thrown [s\open\src\hotspot\share\interpreter\linkResolver.cpp, line 796]

VM Operations (20 events):
Event: 0.285 Executing VM operation: HandshakeAllThreads (Deoptimize)
Event: 0.285 Executing VM operation: HandshakeAllThreads (Deoptimize) done
Event: 0.416 Executing VM operation: HandshakeAllThreads (Deoptimize)
Event: 0.417 Executing VM operation: HandshakeAllThreads (Deoptimize) done
Event: 2.044 Executing VM operation: HandshakeAllThreads (Deoptimize)
Event: 2.044 Executing VM operation: HandshakeAllThreads (Deoptimize) done
Event: 2.280 Executing VM operation: HandshakeAllThreads (Deoptimize)
Event: 2.280 Executing VM operation: HandshakeAllThreads (Deoptimize) done
Event: 2.628 Executing VM operation: HandshakeAllThreads (Deoptimize)
Event: 2.628 Executing VM operation: HandshakeAllThreads (Deoptimize) done
Event: 2.736 Executing VM operation: G1CollectForAllocation (G1 Evacuation Pause)
Event: 2.743 Executing VM operation: G1CollectForAllocation (G1 Evacuation Pause) done
Event: 3.316 Executing VM operation: HandshakeAllThreads (Deoptimize)
Event: 3.316 Executing VM operation: HandshakeAllThreads (Deoptimize) done
Event: 3.497 Executing VM operation: HandshakeAllThreads (Deoptimize)
Event: 3.497 Executing VM operation: HandshakeAllThreads (Deoptimize) done
Event: 3.636 Executing VM operation: HandshakeAllThreads (Deoptimize)
Event: 3.636 Executing VM operation: HandshakeAllThreads (Deoptimize) done
Event: 3.711 Executing VM operation: HandshakeAllThreads (Deoptimize)
Event: 3.711 Executing VM operation: HandshakeAllThreads (Deoptimize) done

Memory protections (0 events):
No events

Nmethod flushes (0 events):
No events

Events (20 events):
Event: 0.219 Thread 0x0000017d7444d4e0 Thread added: 0x0000017d7444d4e0
Event: 0.228 Thread 0x0000017d7444d4e0 Thread added: 0x0000017d7f818140
Event: 0.229 Thread 0x0000017d7444d4e0 Thread added: 0x0000017d7f81ae70
Event: 0.229 Thread 0x0000017d7444d4e0 Thread added: 0x0000017d7f81dcd0
Event: 0.229 Thread 0x0000017d7444d4e0 Thread added: 0x0000017d7f81e730
Event: 0.229 Thread 0x0000017d7444d4e0 Thread added: 0x0000017d7f820d40
Event: 0.229 Thread 0x0000017d7444d4e0 Thread added: 0x0000017d7f821f40
Event: 0.229 Thread 0x0000017d7444d4e0 Thread added: 0x0000017d7f828980
Event: 0.229 Thread 0x0000017d7444d4e0 Thread added: 0x0000017d7f849be0
Event: 0.253 Thread 0x0000017d7444d4e0 Thread added: 0x0000017d127fff50
Event: 0.301 Thread 0x0000017d7444d4e0 Thread added: 0x0000017d1291b420
Event: 0.478 Thread 0x0000017d7444d4e0 Thread added: 0x0000017d12a5fe50
Event: 0.480 Thread 0x0000017d7444d4e0 Thread added: 0x0000017d12a61500
Event: 0.482 Thread 0x0000017d7444d4e0 Thread added: 0x0000017d12a62370
Event: 0.708 Thread 0x0000017d7444d4e0 Thread added: 0x0000017d5885c340
Event: 0.708 Thread 0x0000017d7444d4e0 Thread exited: 0x0000017d7444d4e0
Event: 0.708 Thread 0x0000017d7444d4e0 Thread added: 0x0000017d7444d4e0
Event: 2.378 Thread 0x0000017d5885c340 Thread added: 0x0000017d58fb4350
Event: 2.610 Thread 0x0000017d5885c340 Thread added: 0x0000017d58f10920
Event: 3.465 Thread 0x0000017d5885c340 Thread added: 0x0000017d5d9cabd0


Dynamic libraries:
0x00007ff76ebd0000 - 0x00007ff76ebe0000 	C:\Program Files\Java\jdk-23\bin\java.exe
0x00007ff94e4e0000 - 0x00007ff94e6d0000 	C:\Windows\SYSTEM32\ntdll.dll
0x00007ff94cf30000 - 0x00007ff94cfe2000 	C:\Windows\System32\KERNEL32.DLL
0x00007ff94b920000 - 0x00007ff94bbc3000 	C:\Windows\System32\KERNELBASE.dll
0x00007ff94b7a0000 - 0x00007ff94b89a000 	C:\Windows\System32\ucrtbase.dll
0x00007ff946960000 - 0x00007ff946977000 	C:\Program Files\Java\jdk-23\bin\jli.dll
0x00007ff947630000 - 0x00007ff94764b000 	C:\Program Files\Java\jdk-23\bin\VCRUNTIME140.dll
0x00007ff94d0c0000 - 0x00007ff94d254000 	C:\Windows\System32\USER32.dll
0x00007ff940ef0000 - 0x00007ff941175000 	C:\Windows\WinSxS\amd64_microsoft.windows.common-controls_6595b64144ccf1df_6.0.18362.535_none_e6c3b34713100821\COMCTL32.dll
0x00007ff94c400000 - 0x00007ff94c421000 	C:\Windows\System32\win32u.dll
0x00007ff94d5c0000 - 0x00007ff94d5e6000 	C:\Windows\System32\GDI32.dll
0x00007ff94c430000 - 0x00007ff94c5c4000 	C:\Windows\System32\gdi32full.dll
0x00007ff94b700000 - 0x00007ff94b79e000 	C:\Windows\System32\msvcp_win.dll
0x00007ff94e3a0000 - 0x00007ff94e43e000 	C:\Windows\System32\msvcrt.dll
0x00007ff94dd30000 - 0x00007ff94e066000 	C:\Windows\System32\combase.dll
0x00007ff94e280000 - 0x00007ff94e3a0000 	C:\Windows\System32\RPCRT4.dll
0x00007ff94b8a0000 - 0x00007ff94b920000 	C:\Windows\System32\bcryptPrimitives.dll
0x00007ff94c810000 - 0x00007ff94c83e000 	C:\Windows\System32\IMM32.DLL
0x00007ff946940000 - 0x00007ff94694c000 	C:\Program Files\Java\jdk-23\bin\vcruntime140_1.dll
0x00007ff93bbb0000 - 0x00007ff93bc3e000 	C:\Program Files\Java\jdk-23\bin\msvcp140.dll
0x00007ff918960000 - 0x00007ff9196b0000 	C:\Program Files\Java\jdk-23\bin\server\jvm.dll
0x00007ff94d430000 - 0x00007ff94d4d3000 	C:\Windows\System32\ADVAPI32.dll
0x00007ff94e440000 - 0x00007ff94e4d7000 	C:\Windows\System32\sechost.dll
0x00007ff94b420000 - 0x00007ff94b46a000 	C:\Windows\System32\POWRPROF.dll
0x00007ff94b3f0000 - 0x00007ff94b400000 	C:\Windows\System32\UMPDC.dll
0x00007ff94d260000 - 0x00007ff94d2cf000 	C:\Windows\System32\WS2_32.dll
0x00007ff9495e0000 - 0x00007ff949604000 	C:\Windows\SYSTEM32\WINMM.dll
0x00007ff9470e0000 - 0x00007ff9470ea000 	C:\Windows\SYSTEM32\VERSION.dll
0x00007ff9495b0000 - 0x00007ff9495dd000 	C:\Windows\SYSTEM32\winmmbase.dll
0x00007ff94b600000 - 0x00007ff94b64a000 	C:\Windows\System32\cfgmgr32.dll
0x00007ff94b400000 - 0x00007ff94b411000 	C:\Windows\System32\kernel.appcore.dll
0x00007ff945750000 - 0x00007ff94575a000 	C:\Program Files\Java\jdk-23\bin\jimage.dll
0x00007ff92d3e0000 - 0x00007ff92d5d4000 	C:\Windows\SYSTEM32\DBGHELP.DLL
0x00007ff9386e0000 - 0x00007ff93870a000 	C:\Windows\SYSTEM32\dbgcore.DLL
0x00007ff945ad0000 - 0x00007ff945aee000 	C:\Program Files\Java\jdk-23\bin\java.dll
0x00007ff94c5e0000 - 0x00007ff94c736000 	C:\Windows\System32\ole32.dll
0x00007ff94c840000 - 0x00007ff94cf25000 	C:\Windows\System32\SHELL32.dll
0x00007ff94d380000 - 0x00007ff94d429000 	C:\Windows\System32\shcore.dll
0x00007ff94bc00000 - 0x00007ff94c37f000 	C:\Windows\System32\windows.storage.dll
0x00007ff94b470000 - 0x00007ff94b48f000 	C:\Windows\System32\profapi.dll
0x00007ff94c740000 - 0x00007ff94c792000 	C:\Windows\System32\shlwapi.dll
0x00007ff94c3e0000 - 0x00007ff94c3f7000 	C:\Windows\System32\cryptsp.dll
0x00007ff934510000 - 0x00007ff9345e7000 	C:\Program Files\Java\jdk-23\bin\jsvml.dll
0x00007ff9452e0000 - 0x00007ff9452f0000 	C:\Program Files\Java\jdk-23\bin\net.dll
0x00007ff94ac00000 - 0x00007ff94ac67000 	C:\Windows\system32\mswsock.dll
0x00007ff93f5b0000 - 0x00007ff93f5c6000 	C:\Program Files\Java\jdk-23\bin\nio.dll
0x00007ff934df0000 - 0x00007ff934e07000 	C:\Program Files\Java\jdk-23\bin\zip.dll
0x00007ff932a30000 - 0x00007ff932bbe000 	C:\Program Files\Java\jdk-23\bin\awt.dll
0x00007ff94d5f0000 - 0x00007ff94d6b4000 	C:\Windows\System32\OLEAUT32.dll
0x00007ff9496e0000 - 0x00007ff94976f000 	C:\Windows\SYSTEM32\apphelp.dll
0x00007ff9499f0000 - 0x00007ff949a89000 	C:\Windows\system32\uxtheme.dll
0x00007ff94d770000 - 0x00007ff94d8a5000 	C:\Windows\System32\MSCTF.dll
0x00007ff949bb0000 - 0x00007ff949bdd000 	C:\Windows\system32\DWMAPI.DLL
0x00007ff934e20000 - 0x00007ff934ea7000 	C:\Program Files\Java\jdk-23\bin\freetype.dll
0x00007ff932950000 - 0x00007ff932a27000 	C:\Program Files\Java\jdk-23\bin\fontmanager.dll
0x00007ff92bad0000 - 0x00007ff92bc26000 	C:\Windows\system32\opengl32.dll
0x00007ff93f620000 - 0x00007ff93f64c000 	C:\Windows\SYSTEM32\GLU32.dll
0x00007ff94a0f0000 - 0x00007ff94a110000 	C:\Windows\SYSTEM32\dxcore.dll
0x00007ff916ef0000 - 0x00007ff9170b7000 	C:\Windows\system32\d3d9.dll
0x00007ff93f940000 - 0x00007ff93fb1b000 	C:\Windows\System32\DriverStore\FileRepository\u0365057.inf_amd64_c4eff47eaf88e53e\B364966\aticfx64.dll
0x00007ff93fe70000 - 0x00007ff93fea3000 	C:\Windows\System32\DriverStore\FileRepository\u0365057.inf_amd64_c4eff47eaf88e53e\B364966\atiu9p64.dll
0x00007ff915dd0000 - 0x00007ff916af1000 	C:\Windows\System32\DriverStore\FileRepository\u0365057.inf_amd64_c4eff47eaf88e53e\B364966\atiumd64.dll
0x0000000053c80000 - 0x0000000054b42000 	C:\Windows\System32\DriverStore\FileRepository\u0365057.inf_amd64_c4eff47eaf88e53e\B364966\atiumd6a.dll
0x00007ff93bb40000 - 0x00007ff93bb70000 	C:\Windows\SYSTEM32\amdihk64.dll
0x00007ff94d2d0000 - 0x00007ff94d372000 	C:\Windows\System32\clbcatq.dll
0x00007ff945760000 - 0x00007ff94590f000 	C:\Windows\SYSTEM32\WindowsCodecs.dll
0x00007ff941e60000 - 0x00007ff941e9a000 	C:\Windows\system32\dataexchange.dll
0x00007ff948740000 - 0x00007ff94899b000 	C:\Windows\system32\d3d11.dll
0x00007ff948e30000 - 0x00007ff94900b000 	C:\Windows\system32\dcomp.dll
0x00007ff94a110000 - 0x00007ff94a1fb000 	C:\Windows\system32\dxgi.dll
0x00007ff949790000 - 0x00007ff9499ea000 	C:\Windows\system32\twinapi.appcore.dll
0x00007ff949be0000 - 0x00007ff949c09000 	C:\Windows\system32\RMCLIENT.dll
0x00007ff94a950000 - 0x00007ff94aa1a000 	C:\Windows\SYSTEM32\DNSAPI.dll
0x00007ff94c5d0000 - 0x00007ff94c5d8000 	C:\Windows\System32\NSI.dll
0x00007ff94a910000 - 0x00007ff94a94a000 	C:\Windows\SYSTEM32\IPHLPAPI.DLL
0x00007ff945690000 - 0x00007ff94569a000 	C:\Windows\System32\rasadhlp.dll
0x00007ff946f80000 - 0x00007ff946ff7000 	C:\Windows\System32\fwpuclnt.dll
0x00007ff94bbd0000 - 0x00007ff94bbf6000 	C:\Windows\System32\bcrypt.dll
0x00007ff947d60000 - 0x00007ff947d69000 	C:\Program Files\Java\jdk-23\bin\extnet.dll

dbghelp: loaded successfully - version: 4.0.5 - missing functions: none
symbol engine: initialized successfully - sym options: 0x614 - pdb path: .;C:\Program Files\Java\jdk-23\bin;C:\Windows\SYSTEM32;C:\Windows\WinSxS\amd64_microsoft.windows.common-controls_6595b64144ccf1df_6.0.18362.535_none_e6c3b34713100821;C:\Program Files\Java\jdk-23\bin\server;C:\Windows\System32\DriverStore\FileRepository\u0365057.inf_amd64_c4eff47eaf88e53e\B364966

VM Arguments:
jvm_args: -Dfile.encoding=UTF-8 --module-path=C:\Users\CLIENT\Documents\NetBeansProjects\filmEquipment\build\classes 
java_command: filmequipment.registerClient
java_class_path (initial): C:\Users\CLIENT\Documents\NetBeansProjects\filmEquipment\lib\mysql-connector-j-9.2.0.jar;C:\Users\CLIENT\Documents\NetBeansProjects\filmEquipment\lib\jcalendar-1.4.jar;C:\Users\CLIENT\Documents\NetBeansProjects\filmEquipment\build\classes
Launcher Type: SUN_STANDARD

[Global flags]
     intx CICompilerCount                          = 3                                         {product} {ergonomic}
     uint ConcGCThreads                            = 1                                         {product} {ergonomic}
     uint G1ConcRefinementThreads                  = 4                                         {product} {ergonomic}
   size_t G1HeapRegionSize                         = 1048576                                   {product} {ergonomic}
   size_t InitialHeapSize                          = 98566144                                  {product} {ergonomic}
   size_t MarkStackSize                            = 4194304                                   {product} {ergonomic}
   size_t MarkStackSizeMax                         = 536870912                                 {product} {ergonomic}
   size_t MaxHeapSize                              = 1570766848                                {product} {ergonomic}
   size_t MaxNewSize                               = 941621248                                 {product} {ergonomic}
   size_t MinHeapDeltaBytes                        = 1048576                                   {product} {ergonomic}
   size_t MinHeapSize                              = 8388608                                   {product} {ergonomic}
    uintx NonNMethodCodeHeapSize                   = 5832704                                {pd product} {ergonomic}
    uintx NonProfiledCodeHeapSize                  = 122945536                              {pd product} {ergonomic}
    uintx ProfiledCodeHeapSize                     = 122880000                              {pd product} {ergonomic}
    uintx ReservedCodeCacheSize                    = 251658240                              {pd product} {ergonomic}
     bool SegmentedCodeCache                       = true                                      {product} {ergonomic}
   size_t SoftMaxHeapSize                          = 1570766848                             {manageable} {ergonomic}
     bool UseCompressedOops                        = true                           {product lp64_product} {ergonomic}
     bool UseG1GC                                  = true                                      {product} {ergonomic}
     bool UseLargePagesIndividualAllocation        = false                                  {pd product} {ergonomic}

Logging:
Log output configuration:
 #0: stdout all=warning uptime,level,tags foldmultilines=false
 #1: stderr all=off uptime,level,tags foldmultilines=false

Environment Variables:
PATH=C:\Program Files\Common Files\Oracle\Java\javapath;C:\Program Files (x86)\Common Files\Oracle\Java\javapath;C:\Windows\system32;C:\Windows;C:\Windows\System32\Wbem;C:\Windows\System32\WindowsPowerShell\v1.0\;C:\Program Files (x86)\NVIDIA Corporation\PhysX\Common;C:\Users\CLIENT\AppData\Local\Microsoft\WindowsApps;
USERNAME=CLIENT
OS=Windows_NT
PROCESSOR_IDENTIFIER=AMD64 Family 23 Model 24 Stepping 1, AuthenticAMD
TMP=C:\Users\CLIENT\AppData\Local\Temp
TEMP=C:\Users\CLIENT\AppData\Local\Temp




Periodic native trim disabled

---------------  S Y S T E M  ---------------

OS:
 Windows 10 , 64 bit Build 18362 (10.0.18362.329)
OS uptime: 0 days 3:17 hours

CPU: total 4 (initial active 4) (4 cores per cpu, 1 threads per core) family 23 model 24 stepping 1 microcode 0x0, cx8, cmov, fxsr, mmx, 3dnowpref, sse, sse2, sse3, ssse3, sse4a, sse4.1, sse4.2, popcnt, lzcnt, tsc, tscinvbit, avx, avx2, aes, clmul, bmi1, bmi2, adx, sha, fma, vzeroupper, clflush, clflushopt, rdtscp, f16c
Processor Information for the first 4 processors :
  Max Mhz: 3600, Current Mhz: 3600, Mhz Limit: 3600

Memory: 4k page, system-wide physical 5989M (60M free)
TotalPageFile size 14181M (AvailPageFile size 1M)
current process WorkingSet (physical memory assigned to process): 115M, peak: 115M
current process commit charge ("private bytes"): 232M, peak: 232M

vm_info: Java HotSpot(TM) 64-Bit Server VM (23.0.2+7-58) for windows-amd64 JRE (23.0.2+7-58), built on 2024-11-29T09:34:55Z with MS VC++ 17.6 (VS2022)

END.
